[38;5;112m[Appium][0m Available drivers:
[38;5;112m[Appium][0m   - uiautomator2@2.45.1 (automationName 'UiAutomator2')
[38;5;112m[Appium][0m No plugins have been installed. Use the "appium plugin" command to install the one(s) you want to use.
[38;5;86m[HTTP][0m [37m-->[39m [37mPOST[39m [37m/session[39m [90m{"capabilities":{"alwaysMatch":{"platformName":"Android","appium:automationName":"UiAutomator2","appium:platformVersion":"14.0","appium:deviceName":"Galaxy A14","appium:app":"/Users/jelitasiahaan/Desktop/QA Automation/TugasAkhir2/test/apk/Diet_meal.apk","appium:appPackage":"com.fghilmany.dietmealapp","appium:appActivity":".ui.main.MainActivity","appium:noReset":true,"appium:forceAppLaunch":true},"firstMatch":[{}]},"desiredCapabilities":{"platformName":"Android","appium:automationName":"UiAutomator2","appium:platformVersion":"14.0","appium:deviceName":"Galaxy A14","appium:app":"/Users/jelitasiahaan/Desktop/QA Automation/TugasAkhir2/test/apk/Diet_meal.apk","appium:appPackage":"com.fghilmany.dietmealapp","appium:appActivity":".ui.main.MainActivity","appium:noReset":true,"appium:forceAppLaunch":true}}[39m
[38;5;154m[AppiumDriver@8c6e][0m Calling AppiumDriver.createSession() with args: [{"platformName":"Android","appium:automationName":"UiAutomator2","appium:platformVersion":"14.0","appium:deviceName":"Galaxy A14","appium:app":"/Users/jelitasiahaan/Desktop/QA Automation/TugasAkhir2/test/apk/Diet_meal.apk","appium:appPackage":"com.fghilmany.dietmealapp","appium:appActivity":".ui.main.MainActivity","appium:noReset":true,"appium:forceAppLaunch":true},null,{"alwaysMatch":{"platformName":"Android","appium:automationName":"UiAutomator2","appium:platformVersion":"14.0","appium:deviceName":"Galaxy A14","appium:app":"/Users/jelitasiahaan/Desktop/QA Automation/TugasAkhir2/test/apk/Diet_meal.apk","appium:appPackage":"com.fghilmany.dietmealapp","appium:appActivity":".ui.main.MainActivity","appium:noReset":true,"appium:forceAppLaunch":true},"firstMatch":[{}]}]
[38;5;154m[AppiumDriver@8c6e][0m Event 'newSessionRequested' logged at 1722887379013 (02:49:39 GMT+0700 (Western Indonesia Time))
[38;5;112m[Appium][0m Attempting to find matching driver for automationName 'UiAutomator2' and platformName 'Android'
[38;5;112m[Appium][0m The 'uiautomator2' driver was installed and matched caps.
[38;5;112m[Appium][0m Will require it at /Users/jelitasiahaan/Desktop/QA Automation/TugasAkhir2/node_modules/appium-uiautomator2-driver
[38;5;112m[Appium][0m Requiring driver at /Users/jelitasiahaan/Desktop/QA Automation/TugasAkhir2/node_modules/appium-uiautomator2-driver/build/index.js
[38;5;154m[AppiumDriver@8c6e][0m Appium v2.11.2 creating new AndroidUiautomator2Driver (v2.45.1) session
[38;5;154m[AppiumDriver@8c6e][0m Checking BaseDriver versions for Appium and AndroidUiautomator2Driver
[38;5;154m[AppiumDriver@8c6e][0m Appium's BaseDriver version is 9.11.2
[38;5;154m[AppiumDriver@8c6e][0m AndroidUiautomator2Driver's BaseDriver version is 9.5.1
[38;5;-37m[AndroidUiautomator2Driver@f37b][0m Creating session with W3C capabilities: {
[38;5;-37m[AndroidUiautomator2Driver@f37b][0m   "alwaysMatch": {
[38;5;-37m[AndroidUiautomator2Driver@f37b][0m     "platformName": "Android",
[38;5;-37m[AndroidUiautomator2Driver@f37b][0m     "appium:automationName": "UiAutomator2",
[38;5;-37m[AndroidUiautomator2Driver@f37b][0m     "appium:platformVersion": "14.0",
[38;5;-37m[AndroidUiautomator2Driver@f37b][0m     "appium:deviceName": "Galaxy A14",
[38;5;-37m[AndroidUiautomator2Driver@f37b][0m     "appium:app": "/Users/jelitasiahaan/Desktop/QA Automation/TugasAkhir2/test/apk/Diet_meal.apk",
[38;5;-37m[AndroidUiautomator2Driver@f37b][0m     "appium:appPackage": "com.fghilmany.dietmealapp",
[38;5;-37m[AndroidUiautomator2Driver@f37b][0m     "appium:appActivity": ".ui.main.MainActivity",
[38;5;-37m[AndroidUiautomator2Driver@f37b][0m     "appium:noReset": true,
[38;5;-37m[AndroidUiautomator2Driver@f37b][0m     "appium:forceAppLaunch": true
[38;5;-37m[AndroidUiautomator2Driver@f37b][0m   },
[38;5;-37m[AndroidUiautomator2Driver@f37b][0m   "firstMatch": [
[38;5;-37m[AndroidUiautomator2Driver@f37b][0m     {}
[38;5;-37m[AndroidUiautomator2Driver@f37b][0m   ]
[38;5;-37m[AndroidUiautomator2Driver@f37b][0m }
[38;5;213m[AndroidUiautomator2Driver@f37b (051ce5d2)][0m Session created with session id: 051ce5d2-8cbf-45bd-ab3b-01875b7a22ab
[38;5;229m[ADB][0m Found 1 'build-tools' folders under '/Users/jelitasiahaan/Library/Android/sdk' (newest first):
[38;5;229m[ADB][0m     /Users/jelitasiahaan/Library/Android/sdk/build-tools/35.0.0
[38;5;229m[ADB][0m Using 'adb' from '/Users/jelitasiahaan/Library/Android/sdk/platform-tools/adb'
[38;5;229m[ADB][0m Running '/Users/jelitasiahaan/Library/Android/sdk/platform-tools/adb -P 5037 start-server'
[38;5;213m[AndroidUiautomator2Driver@f37b (051ce5d2)][0m Retrieving device list
[38;5;229m[ADB][0m Trying to find connected Android devices
[38;5;229m[ADB][0m Getting connected devices
[38;5;229m[ADB][0m Connected devices: [{"udid":"RR8W3038G4T","state":"device"}]
[38;5;213m[AndroidUiautomator2Driver@f37b (051ce5d2)][0m Looking for a device with Android '14.0.0'
[38;5;229m[ADB][0m Setting device id to RR8W3038G4T
[38;5;229m[ADB][0m Getting device platform version
[38;5;229m[ADB][0m Running '/Users/jelitasiahaan/Library/Android/sdk/platform-tools/adb -P 5037 -s RR8W3038G4T shell getprop ro.build.version.release'
[38;5;229m[ADB][0m Current device property 'ro.build.version.release': 14
[38;5;213m[AndroidUiautomator2Driver@f37b (051ce5d2)][0m Using device: RR8W3038G4T
[38;5;229m[ADB][0m Using 'adb' from '/Users/jelitasiahaan/Library/Android/sdk/platform-tools/adb'
[38;5;229m[ADB][0m Running '/Users/jelitasiahaan/Library/Android/sdk/platform-tools/adb -P 5037 start-server'
[38;5;229m[ADB][0m Setting device id to RR8W3038G4T
[38;5;123m[BaseDriver][0m Using local app '/Users/jelitasiahaan/Desktop/QA Automation/TugasAkhir2/test/apk/Diet_meal.apk'
[38;5;213m[AndroidUiautomator2Driver@f37b (051ce5d2)][0m Checking whether app is actually present
[38;5;229m[ADB][0m Running '/Users/jelitasiahaan/Library/Android/sdk/platform-tools/adb -P 5037 -s RR8W3038G4T shell getprop ro.build.version.sdk'
[38;5;229m[ADB][0m Current device property 'ro.build.version.sdk': 34
[38;5;229m[ADB][0m Getting device platform version
[38;5;229m[ADB][0m Running '/Users/jelitasiahaan/Library/Android/sdk/platform-tools/adb -P 5037 -s RR8W3038G4T shell getprop ro.build.version.release'
[38;5;229m[ADB][0m Current device property 'ro.build.version.release': 14
[38;5;229m[ADB][0m Device API level: 34
[38;5;213m[AndroidUiautomator2Driver@f37b (051ce5d2)][0m Relaxing hidden api policy
[38;5;229m[ADB][0m Running '/Users/jelitasiahaan/Library/Android/sdk/platform-tools/adb -P 5037 -s RR8W3038G4T shell 'settings put global hidden_api_policy_pre_p_apps 1;settings put global hidden_api_policy_p_apps 1;settings put global hidden_api_policy 1''
[38;5;213m[AndroidUiautomator2Driver@f37b (051ce5d2)][0m Pushing settings apk to the device...
[38;5;229m[ADB][0m Getting package info for 'io.appium.settings'
[38;5;229m[ADB][0m Running '/Users/jelitasiahaan/Library/Android/sdk/platform-tools/adb -P 5037 -s RR8W3038G4T shell dumpsys package io.appium.settings'
[38;5;229m[ADB][0m The version code of the installed 'io.appium.settings' is greater than the application version code (98 > 75)
[38;5;229m[ADB][0m There is no need to downgrade 'io.appium.settings'
[38;5;229m[ADB][0m Running '/Users/jelitasiahaan/Library/Android/sdk/platform-tools/adb -P 5037 -s RR8W3038G4T shell dumpsys activity services io.appium.settings'
[38;5;213m[AndroidUiautomator2Driver@f37b (051ce5d2)][0m io.appium.settings is already running. There is no need to reset its permissions.
[38;5;160m[Logcat][0m Starting logs capture with command: /Users/jelitasiahaan/Library/Android/sdk/platform-tools/adb -P 5037 -s RR8W3038G4T logcat -v threadtime
[38;5;229m[ADB][0m Running '/Users/jelitasiahaan/Library/Android/sdk/platform-tools/adb -P 5037 -s RR8W3038G4T shell appops set io.appium.settings android:mock_location allow'
[38;5;229m[ADB][0m Running '/Users/jelitasiahaan/Library/Android/sdk/platform-tools/adb -P 5037 -s RR8W3038G4T shell "[ -e '/data/local/tmp/mock_apps.json' ] && echo __PASS__"'
[38;5;229m[ADB][0m Running '/Users/jelitasiahaan/Library/Android/sdk/platform-tools/adb -P 5037 -s RR8W3038G4T shell cat /data/local/tmp/mock_apps.json'
[38;5;213m[AndroidUiautomator2Driver@f37b (051ce5d2)][0m Forwarding UiAutomator2 Server port 6790 to local port 8201
[38;5;229m[ADB][0m Forwarding system: 8201 to device: 6790
[38;5;229m[ADB][0m Running '/Users/jelitasiahaan/Library/Android/sdk/platform-tools/adb -P 5037 -s RR8W3038G4T forward tcp:8201 tcp:6790'
[38;5;229m[ADB][0m Getting install status for com.fghilmany.dietmealapp
[38;5;229m[ADB][0m Running '/Users/jelitasiahaan/Library/Android/sdk/platform-tools/adb -P 5037 -s RR8W3038G4T shell pm path com.fghilmany.dietmealapp'
[38;5;229m[ADB][0m Checking app cert for /Users/jelitasiahaan/Desktop/QA Automation/TugasAkhir2/node_modules/appium-uiautomator2-driver/node_modules/appium-uiautomator2-server/apks/appium-uiautomator2-server-v6.0.9.apk
[38;5;229m[ADB][0m Checking app cert for /Users/jelitasiahaan/Desktop/QA Automation/TugasAkhir2/node_modules/appium-uiautomator2-driver/node_modules/appium-uiautomator2-server/apks/appium-uiautomator2-server-debug-androidTest.apk
[38;5;229m[ADB][0m Using 'apksigner.jar' from '/Users/jelitasiahaan/Library/Android/sdk/build-tools/35.0.0/lib/apksigner.jar'
[38;5;229m[ADB][0m Starting apksigner: /Library/Java/JavaVirtualMachines/jdk-20.jdk/Contents/Home/bin/java -Xmx1024M -Xss1m -jar /Users/jelitasiahaan/Library/Android/sdk/build-tools/35.0.0/lib/apksigner.jar verify --print-certs '/Users/jelitasiahaan/Desktop/QA Automation/TugasAkhir2/node_modules/appium-uiautomator2-driver/node_modules/appium-uiautomator2-server/apks/appium-uiautomator2-server-debug-androidTest.apk'
[38;5;229m[ADB][0m Starting apksigner: /Library/Java/JavaVirtualMachines/jdk-20.jdk/Contents/Home/bin/java -Xmx1024M -Xss1m -jar /Users/jelitasiahaan/Library/Android/sdk/build-tools/35.0.0/lib/apksigner.jar verify --print-certs '/Users/jelitasiahaan/Desktop/QA Automation/TugasAkhir2/node_modules/appium-uiautomator2-driver/node_modules/appium-uiautomator2-server/apks/appium-uiautomator2-server-v6.0.9.apk'
[38;5;229m[ADB][0m 'com.fghilmany.dietmealapp' is installed
[38;5;213m[AndroidUiautomator2Driver@f37b (051ce5d2)][0m noReset has been requested and the app is already installed. Doing nothing
[38;5;229m[ADB][0m apksigner stdout: Signer #1 certificate DN: EMAILADDRESS=android@android.com, CN=Android, OU=Android, O=Android, L=Mountain View, ST=California, C=US
[38;5;229m[ADB][0m Signer #1 certificate SHA-256 digest: a40da80a59d170caa950cf15c18c454d47a39b26989d8b640ecd745ba71bf5dc
[38;5;229m[ADB][0m Signer #1 certificate SHA-1 digest: 61ed377e85d386a8dfee6b864bd85b0bfaa5af81
[38;5;229m[ADB][0m Signer #1 certificate MD5 digest: e89b158e4bcf988ebd09eb83f5378e87
[38;5;229m[ADB][0m 
[38;5;229m[ADB][0m sha256 hash did match for 'appium-uiautomator2-server-debug-androidTest.apk'
[38;5;229m[ADB][0m '/Users/jelitasiahaan/Desktop/QA Automation/TugasAkhir2/node_modules/appium-uiautomator2-driver/node_modules/appium-uiautomator2-server/apks/appium-uiautomator2-server-debug-androidTest.apk' is signed with the default certificate
[38;5;229m[ADB][0m Getting install status for io.appium.uiautomator2.server.test
[38;5;229m[ADB][0m Running '/Users/jelitasiahaan/Library/Android/sdk/platform-tools/adb -P 5037 -s RR8W3038G4T shell pm path io.appium.uiautomator2.server.test'
[38;5;229m[ADB][0m 'io.appium.uiautomator2.server.test' is installed
[38;5;229m[ADB][0m apksigner stdout: Signer #1 certificate DN: EMAILADDRESS=android@android.com, CN=Android, OU=Android, O=Android, L=Mountain View, ST=California, C=US
[38;5;229m[ADB][0m Signer #1 certificate SHA-256 digest: a40da80a59d170caa950cf15c18c454d47a39b26989d8b640ecd745ba71bf5dc
[38;5;229m[ADB][0m Signer #1 certificate SHA-1 digest: 61ed377e85d386a8dfee6b864bd85b0bfaa5af81
[38;5;229m[ADB][0m Signer #1 certificate MD5 digest: e89b158e4bcf988ebd09eb83f5378e87
[38;5;229m[ADB][0m 
[38;5;229m[ADB][0m sha256 hash did match for 'appium-uiautomator2-server-v6.0.9.apk'
[38;5;229m[ADB][0m '/Users/jelitasiahaan/Desktop/QA Automation/TugasAkhir2/node_modules/appium-uiautomator2-driver/node_modules/appium-uiautomator2-server/apks/appium-uiautomator2-server-v6.0.9.apk' is signed with the default certificate
[38;5;229m[ADB][0m Getting package info for 'io.appium.uiautomator2.server'
[38;5;229m[ADB][0m Running '/Users/jelitasiahaan/Library/Android/sdk/platform-tools/adb -P 5037 -s RR8W3038G4T shell dumpsys package io.appium.uiautomator2.server'
[38;5;229m[ADB][0m The version code of the installed 'io.appium.uiautomator2.server' is greater than the application version code (183 > 161)
[38;5;213m[AndroidUiautomator2Driver@f37b (051ce5d2)][0m Server packages status: [{"wasSigned":true,"installState":"newerVersionInstalled","appPath":"/Users/jelitasiahaan/Desktop/QA Automation/TugasAkhir2/node_modules/appium-uiautomator2-driver/node_modules/appium-uiautomator2-server/apks/appium-uiautomator2-server-v6.0.9.apk","appId":"io.appium.uiautomator2.server"},{"wasSigned":true,"installState":"sameVersionInstalled","appPath":"/Users/jelitasiahaan/Desktop/QA Automation/TugasAkhir2/node_modules/appium-uiautomator2-driver/node_modules/appium-uiautomator2-server/apks/appium-uiautomator2-server-debug-androidTest.apk","appId":"io.appium.uiautomator2.server.test"}]
[38;5;213m[AndroidUiautomator2Driver@f37b (051ce5d2)][0m Server packages are not going to be (re)installed
[38;5;213m[AndroidUiautomator2Driver@f37b (051ce5d2)][0m Waiting up to 30000ms for services to be available
[38;5;229m[ADB][0m Running '/Users/jelitasiahaan/Library/Android/sdk/platform-tools/adb -P 5037 -s RR8W3038G4T shell pm list instrumentation'
[38;5;213m[AndroidUiautomator2Driver@f37b (051ce5d2)][0m Instrumentation target 'io.appium.uiautomator2.server.test/androidx.test.runner.AndroidJUnitRunner' is available
[38;5;229m[ADB][0m Adding packages ["io.appium.settings","io.appium.uiautomator2.server","io.appium.uiautomator2.server.test"] to Doze whitelist
[38;5;229m[ADB][0m Got the following command chunks to execute: [["dumpsys","deviceidle","whitelist","+io.appium.settings",";","dumpsys","deviceidle","whitelist","+io.appium.uiautomator2.server",";","dumpsys","deviceidle","whitelist","+io.appium.uiautomator2.server.test",";"]]
[38;5;229m[ADB][0m Running '/Users/jelitasiahaan/Library/Android/sdk/platform-tools/adb -P 5037 -s RR8W3038G4T shell dumpsys deviceidle whitelist +io.appium.settings ; dumpsys deviceidle whitelist +io.appium.uiautomator2.server ; dumpsys deviceidle whitelist +io.appium.uiautomator2.server.test ;'
[38;5;213m[AndroidUiautomator2Driver@f37b (051ce5d2)][0m Performing shallow cleanup of automation leftovers
[38;5;213m[AndroidUiautomator2Driver@f37b (051ce5d2)][0m No obsolete sessions have been detected (socket hang up)
[38;5;229m[ADB][0m Running '/Users/jelitasiahaan/Library/Android/sdk/platform-tools/adb -P 5037 -s RR8W3038G4T shell am force-stop io.appium.uiautomator2.server.test'
[38;5;213m[AndroidUiautomator2Driver@f37b (051ce5d2)][0m Starting UIAutomator2 server 6.0.9
[38;5;213m[AndroidUiautomator2Driver@f37b (051ce5d2)][0m Using UIAutomator2 server from '/Users/jelitasiahaan/Desktop/QA Automation/TugasAkhir2/node_modules/appium-uiautomator2-driver/node_modules/appium-uiautomator2-server/apks/appium-uiautomator2-server-v6.0.9.apk' and test from '/Users/jelitasiahaan/Desktop/QA Automation/TugasAkhir2/node_modules/appium-uiautomator2-driver/node_modules/appium-uiautomator2-server/apks/appium-uiautomator2-server-debug-androidTest.apk'
[38;5;213m[AndroidUiautomator2Driver@f37b (051ce5d2)][0m Waiting up to 30000ms for UiAutomator2 to be online...
[38;5;229m[ADB][0m Creating ADB subprocess with args: ["-P","5037","-s","RR8W3038G4T","shell","am","instrument","-w","-e","disableAnalytics","true","io.appium.uiautomator2.server.test/androidx.test.runner.AndroidJUnitRunner"]
[38;5;213m[AndroidUiautomator2Driver@f37b (051ce5d2)][0m Matched '/status' to command name 'getStatus'
[38;5;213m[AndroidUiautomator2Driver@f37b (051ce5d2)][0m Proxying [GET /status] to [GET http://127.0.0.1:8201/status] with no body
[38;5;213m[AndroidUiautomator2Driver@f37b (051ce5d2)][0m socket hang up
[38;5;213m[AndroidUiautomator2Driver@f37b (051ce5d2)][0m Matched '/status' to command name 'getStatus'
[38;5;213m[AndroidUiautomator2Driver@f37b (051ce5d2)][0m Proxying [GET /status] to [GET http://127.0.0.1:8201/status] with no body
[38;5;213m[AndroidUiautomator2Driver@f37b (051ce5d2)][0m socket hang up
[38;5;213m[AndroidUiautomator2Driver@f37b (051ce5d2)][0m Matched '/status' to command name 'getStatus'
[38;5;213m[AndroidUiautomator2Driver@f37b (051ce5d2)][0m Proxying [GET /status] to [GET http://127.0.0.1:8201/status] with no body
[38;5;213m[AndroidUiautomator2Driver@f37b (051ce5d2)][0m socket hang up
[38;5;74m[Instrumentation][0m io.appium.uiautomator2.server.test.AppiumUiAutomator2Server:
[38;5;213m[AndroidUiautomator2Driver@f37b (051ce5d2)][0m Matched '/status' to command name 'getStatus'
[38;5;213m[AndroidUiautomator2Driver@f37b (051ce5d2)][0m Proxying [GET /status] to [GET http://127.0.0.1:8201/status] with no body
[38;5;213m[AndroidUiautomator2Driver@f37b (051ce5d2)][0m socket hang up
[38;5;213m[AndroidUiautomator2Driver@f37b (051ce5d2)][0m Matched '/status' to command name 'getStatus'
[38;5;213m[AndroidUiautomator2Driver@f37b (051ce5d2)][0m Proxying [GET /status] to [GET http://127.0.0.1:8201/status] with no body
[38;5;213m[AndroidUiautomator2Driver@f37b (051ce5d2)][0m socket hang up
[38;5;213m[AndroidUiautomator2Driver@f37b (051ce5d2)][0m Matched '/status' to command name 'getStatus'
[38;5;213m[AndroidUiautomator2Driver@f37b (051ce5d2)][0m Proxying [GET /status] to [GET http://127.0.0.1:8201/status] with no body
[38;5;213m[AndroidUiautomator2Driver@f37b (051ce5d2)][0m Got response with status 200: {"sessionId":"None","value":{"message":"UiAutomator2 Server is ready to accept commands","ready":true}}
[38;5;213m[AndroidUiautomator2Driver@f37b (051ce5d2)][0m The initialization of the instrumentation process took 5213ms
[38;5;213m[AndroidUiautomator2Driver@f37b (051ce5d2)][0m Matched '/session' to command name 'createSession'
[38;5;213m[AndroidUiautomator2Driver@f37b (051ce5d2)][0m Proxying [POST /session] to [POST http://127.0.0.1:8201/session] with body: {"capabilities":{"firstMatch":[{"platformName":"Android","automationName":"UiAutomator2","platformVersion":"14.0","deviceName":"RR8W3038G4T","app":"/Users/jelitasiahaan/Desktop/QA Automation/TugasAkhir2/test/apk/Diet_meal.apk","appPackage":"com.fghilmany.dietmealapp","appActivity":".ui.main.MainActivity","noReset":true,"forceAppLaunch":true,"platform":"LINUX","webStorageEnabled":false,"takesScreenshot":true,"javascriptEnabled":true,"databaseEnabled":false,"networkConnectionEnabled":true,"locationContextEnabled":false,"warnings":{},"desired":{"platformName":"Android","automationName":"UiAutomator2","platformVersion":"14.0","deviceName":"Galaxy A14","app":"/Users/jelitasiahaan/Desktop/QA Automation/TugasAkhir2/test/apk/Diet_meal.apk","appPackage":"com.fghilmany.dietmealapp","appActivity":".ui.main.MainActivity","noReset":true,"forceAppLaunch":true},"deviceUDID":"RR8W3038G4T"}],"alwaysMatch":{}}}
[38;5;213m[AndroidUiautomator2Driver@f37b (051ce5d2)][0m Got response with status 200: {"sessionId":"59682100-8fc5-47e3-965d-b046eb50333b","value":{"capabilities":{"firstMatch":[{"platformName":"Android","automationName":"UiAutomator2","platformVersion":"14.0","deviceName":"RR8W3038G4T","app":"/Users/jelitasiahaan/Desktop/QA Automation/TugasAkhir2/test/apk/Diet_meal.apk","appPackage":"com.fghilmany.dietmealapp","appActivity":".ui.main.MainActivity","noReset":true,"forceAppLaunch":true,"platform":"LINUX","webStorageEnabled":false,"takesScreenshot":true,"javascriptEnabled":true,"databaseEnabled":false,"networkConnectionEnabled":true,"locationContextEnabled":false,"warnings":{},"desired":{"platformName":"Android","automationName":"UiAutomator2","platformVersion":"14.0","deviceName":"Galaxy A14","app":"/Users/jelitasiahaan/Desktop/QA Automation/TugasAkhir2/test/apk/Diet_meal.apk","appPackage":"com.fghilmany.dietmealapp","appActivity":".ui.main.MainActivity","noReset":true,"forceAppLaunch":true},"deviceUDID":"RR8W3038G4T"}],"alwaysMatch":{}},"sessionId":"59682100-8fc5-47e3-965d-b046eb50333b"}}
[38;5;213m[AndroidUiautomator2Driver@f37b (051ce5d2)][0m Determined the downstream protocol as 'W3C'
[38;5;213m[AndroidUiautomator2Driver@f37b (051ce5d2)][0m Proxying [GET /appium/device/pixel_ratio] to [GET http://127.0.0.1:8201/session/59682100-8fc5-47e3-965d-b046eb50333b/appium/device/pixel_ratio] with no body
[38;5;213m[AndroidUiautomator2Driver@f37b (051ce5d2)][0m Matched '/appium/device/system_bars' to command name 'getSystemBars'
[38;5;213m[AndroidUiautomator2Driver@f37b (051ce5d2)][0m Proxying [GET /appium/device/system_bars] to [GET http://127.0.0.1:8201/session/59682100-8fc5-47e3-965d-b046eb50333b/appium/device/system_bars] with no body
[38;5;213m[AndroidUiautomator2Driver@f37b (051ce5d2)][0m Matched '/window/current/size' to command name 'getWindowSize'
[38;5;213m[AndroidUiautomator2Driver@f37b (051ce5d2)][0m Proxying [GET /window/current/size] to [GET http://127.0.0.1:8201/session/59682100-8fc5-47e3-965d-b046eb50333b/window/current/size] with no body
[38;5;213m[AndroidUiautomator2Driver@f37b (051ce5d2)][0m Proxying [GET /appium/device/info] to [GET http://127.0.0.1:8201/session/59682100-8fc5-47e3-965d-b046eb50333b/appium/device/info] with no body
[38;5;229m[ADB][0m Running '/Users/jelitasiahaan/Library/Android/sdk/platform-tools/adb -P 5037 -s RR8W3038G4T shell dumpsys window'
[38;5;213m[AndroidUiautomator2Driver@f37b (051ce5d2)][0m Got response with status 200: {"sessionId":"59682100-8fc5-47e3-965d-b046eb50333b","value":2.8125}
[38;5;213m[AndroidUiautomator2Driver@f37b (051ce5d2)][0m Got response with status 200: {"sessionId":"59682100-8fc5-47e3-965d-b046eb50333b","value":{"height":2408,"width":1080}}
[38;5;213m[AndroidUiautomator2Driver@f37b (051ce5d2)][0m Got response with status 200: {"sessionId":"59682100-8fc5-47e3-965d-b046eb50333b","value":{"statusBar":65}}
[38;5;213m[AndroidUiautomator2Driver@f37b (051ce5d2)][0m Got response with status 200: {"sessionId":"59682100-8fc5-47e3-965d-b046eb50333b","value":{"androidId":"dc9580334b6ad058","apiVersion":"34","bluetooth":{"state":"OFF"},"brand":"samsung","carrierName":"Telkomsel","displayDensity":450,"locale":"en_GB","manufacturer":"samsung","model":"SM-A145F","networks":[{"capabilities":{"SSID":null,"linkDownBandwidthKbps":17623,"linkUpstreamBandwidthKbps":12000,"networkCapabilities":"NET_CAPABILITY_NOT_METERED,NET_CAPABILITY_INTERNET,NET_CAPABILITY_NOT_RESTRICTED,NET_CAPABILITY_TRUSTED,NET_CAPABILITY_NOT_VPN,NET_CAPABILITY_VALIDATED,NET_CAPABILITY_NOT_ROAMING,NET_CAPABILITY_FOREGROUND,NET_CAPABILITY_NOT_CONGESTED,NET_CAPABILITY_NOT_SUSPENDED","signalStrength":-59,"transportTypes":"TRANSPORT_WIFI"},"detailedState":"CONNECTED","extraInfo":"","isAvailable":true,"isConnected":true,"isFailover":false,"isRoaming":false,"state":"CONNECTED","subtype":-1,"subtypeName":"","type":1,"typeName":"WIFI"},{"capabilities":{"SSID":null,"linkDownBandwidthKbps":14,"linkUpstreamBandwidthKbps":14,"networkCapabilities":"NET...
[38;5;213m[AndroidUiautomator2Driver@f37b (051ce5d2)][0m Screen already unlocked, doing nothing
[38;5;213m[AndroidUiautomator2Driver@f37b (051ce5d2)][0m Starting 'com.fghilmany.dietmealapp/.ui.main.MainActivity and waiting for 'com.fghilmany.dietmealapp/.ui.main.MainActivity'
[38;5;229m[ADB][0m Running '/Users/jelitasiahaan/Library/Android/sdk/platform-tools/adb -P 5037 -s RR8W3038G4T shell am start -W -n com.fghilmany.dietmealapp/.ui.main.MainActivity -S -a android.intent.action.MAIN -c android.intent.category.LAUNCHER -f 0x10200000'
[38;5;154m[AppiumDriver@8c6e][0m New AndroidUiautomator2Driver session created successfully, session 051ce5d2-8cbf-45bd-ab3b-01875b7a22ab added to master session list
[38;5;154m[AppiumDriver@8c6e][0m Event 'newSessionStarted' logged at 1722887388883 (02:49:48 GMT+0700 (Western Indonesia Time))
[38;5;213m[AndroidUiautomator2Driver@f37b (051ce5d2)][0m Cached the protocol value 'W3C' for the new session 051ce5d2-8cbf-45bd-ab3b-01875b7a22ab
[38;5;213m[AndroidUiautomator2Driver@f37b (051ce5d2)][0m Responding to client with driver.createSession() result: {"capabilities":{"platformName":"Android","automationName":"UiAutomator2","platformVersion":"14","deviceName":"RR8W3038G4T","app":"/Users/jelitasiahaan/Desktop/QA Automation/TugasAkhir2/test/apk/Diet_meal.apk","appPackage":"com.fghilmany.dietmealapp","appActivity":".ui.main.MainActivity","noReset":true,"forceAppLaunch":true,"platform":"LINUX","webStorageEnabled":false,"takesScreenshot":true,"javascriptEnabled":true,"databaseEnabled":false,"networkConnectionEnabled":true,"locationContextEnabled":false,"warnings":{},"desired":{"platformName":"Android","automationName":"UiAutomator2","platformVersion":"14.0","deviceName":"Galaxy A14","app":"/Users/jelitasiahaan/Desktop/QA Automation/TugasAkhir2/test/apk/Diet_meal.apk","appPackage":"com.fghilmany.dietmealapp","appActivity":".ui.main.MainActivity","noReset":true,"forceAppLaunch":true},"deviceUDID":"RR8W3038G4T","pixelRatio":"2.8125","statBarHeight":65,"viewportRect":{"left":0,"top":65,"width":1080,"height":2343},"deviceApiLevel":34,"deviceManufacturer":"samsung...
[38;5;86m[HTTP][0m [37m<-- POST /session [39m[32m200[39m [90m9875 ms - 1167[39m [90m[39m
[38;5;167m[051ce5d2][0m[38;5;86m[HTTP][0m [37m-->[39m [37mPOST[39m [37m/session/051ce5d2-8cbf-45bd-ab3b-01875b7a22ab/element[39m [90m{"using":"xpath","value":"//android.widget.EditText[@resource-id=\"com.fghilmany.dietmealapp:id/et_name\"]"}[39m
[38;5;167m[051ce5d2][0m[38;5;213m[AndroidUiautomator2Driver@f37b (051ce5d2)][0m Calling AppiumDriver.findElement() with args: ["xpath","//android.widget.EditText[@resource-id=\"com.fghilmany.dietmealapp:id/et_name\"]","051ce5d2-8cbf-45bd-ab3b-01875b7a22ab"]
[38;5;167m[051ce5d2][0m[38;5;213m[AndroidUiautomator2Driver@f37b (051ce5d2)][0m Valid locator strategies for this request: xpath, id, class name, accessibility id, css selector, -android uiautomator
[38;5;167m[051ce5d2][0m[38;5;213m[AndroidUiautomator2Driver@f37b (051ce5d2)][0m Waiting up to 0 ms for condition
[38;5;167m[051ce5d2][0m[38;5;213m[AndroidUiautomator2Driver@f37b (051ce5d2)][0m Matched '/element' to command name 'findElement'
[38;5;167m[051ce5d2][0m[38;5;213m[AndroidUiautomator2Driver@f37b (051ce5d2)][0m Proxying [POST /element] to [POST http://127.0.0.1:8201/session/59682100-8fc5-47e3-965d-b046eb50333b/element] with body: {"strategy":"xpath","selector":"//android.widget.EditText[@resource-id=\"com.fghilmany.dietmealapp:id/et_name\"]","context":"","multiple":false}
[38;5;167m[051ce5d2][0m[38;5;213m[AndroidUiautomator2Driver@f37b (051ce5d2)][0m Got response with status 404: {"sessionId":"59682100-8fc5-47e3-965d-b046eb50333b","value":{"error":"no such element","message":"An element could not be located on the page using the given search parameters","stacktrace":"io.appium.uiautomator2.common.exceptions.ElementNotFoundException: An element could not be located on the page using the given search parameters\n\tat io.appium.uiautomator2.utils.ElementLocationHelpers.findElement(ElementLocationHelpers.java:156)\n\tat io.appium.uiautomator2.handler.FindElement.safeHandle(FindElement.java:60)\n\tat io.appium.uiautomator2.handler.request.SafeRequestHandler.handle(SafeRequestHandler.java:59)\n\tat io.appium.uiautomator2.server.AppiumServlet.handleRequest(AppiumServlet.java:259)\n\tat io.appium.uiautomator2.server.AppiumServlet.handleHttpRequest(AppiumServlet.java:253)\n\tat io.appium.uiautomator2.http.ServerHandler.channelRead(ServerHandler.java:77)\n\tat io.netty.channel.AbstractChannelHandlerContext.invokeChannelRead(AbstractChannelHandlerContext.java:366)\n\tat io.netty.channel.Abstr...
[38;5;167m[051ce5d2][0m[38;5;123m[W3C][0m Matched W3C error code 'no such element' to NoSuchElementError
[38;5;167m[051ce5d2][0m[38;5;213m[AndroidUiautomator2Driver@f37b (051ce5d2)][0m Encountered internal error running command: NoSuchElementError: An element could not be located on the page using the given search parameters.
[38;5;167m[051ce5d2][0m[38;5;213m[AndroidUiautomator2Driver@f37b (051ce5d2)][0m     at AndroidUiautomator2Driver.findElOrEls (/Users/jelitasiahaan/Desktop/QA Automation/TugasAkhir2/node_modules/appium-uiautomator2-driver/node_modules/appium-android-driver/lib/commands/find.ts:86:11)
[38;5;167m[051ce5d2][0m[38;5;213m[AndroidUiautomator2Driver@f37b (051ce5d2)][0m     at processTicksAndRejections (node:internal/process/task_queues:95:5)
[38;5;167m[051ce5d2][0m[38;5;213m[AndroidUiautomator2Driver@f37b (051ce5d2)][0m     at AndroidUiautomator2Driver.findElOrElsWithProcessing (/Users/jelitasiahaan/Desktop/QA Automation/TugasAkhir2/node_modules/appium-uiautomator2-driver/node_modules/@appium/base-driver/lib/basedriver/commands/find.ts:60:12)
[38;5;167m[051ce5d2][0m[38;5;213m[AndroidUiautomator2Driver@f37b (051ce5d2)][0m     at AndroidUiautomator2Driver.findElement (/Users/jelitasiahaan/Desktop/QA Automation/TugasAkhir2/node_modules/appium-uiautomator2-driver/node_modules/@appium/base-driver/lib/basedriver/commands/find.ts:75:12)
[38;5;167m[051ce5d2][0m[38;5;86m[HTTP][0m [37m<-- POST /session/051ce5d2-8cbf-45bd-ab3b-01875b7a22ab/element [39m[33m404[39m [90m2165 ms - 964[39m [90m[39m
[38;5;167m[051ce5d2][0m[38;5;86m[HTTP][0m [37m-->[39m [37mPOST[39m [37m/session/051ce5d2-8cbf-45bd-ab3b-01875b7a22ab/elements[39m [90m{"using":"xpath","value":"//android.widget.EditText[@resource-id=\"com.fghilmany.dietmealapp:id/et_name\"]"}[39m
[38;5;167m[051ce5d2][0m[38;5;213m[AndroidUiautomator2Driver@f37b (051ce5d2)][0m Calling AppiumDriver.findElements() with args: ["xpath","//android.widget.EditText[@resource-id=\"com.fghilmany.dietmealapp:id/et_name\"]","051ce5d2-8cbf-45bd-ab3b-01875b7a22ab"]
[38;5;167m[051ce5d2][0m[38;5;213m[AndroidUiautomator2Driver@f37b (051ce5d2)][0m Valid locator strategies for this request: xpath, id, class name, accessibility id, css selector, -android uiautomator
[38;5;167m[051ce5d2][0m[38;5;213m[AndroidUiautomator2Driver@f37b (051ce5d2)][0m Waiting up to 0 ms for condition
[38;5;167m[051ce5d2][0m[38;5;213m[AndroidUiautomator2Driver@f37b (051ce5d2)][0m Matched '/elements' to command name 'findElements'
[38;5;167m[051ce5d2][0m[38;5;213m[AndroidUiautomator2Driver@f37b (051ce5d2)][0m Proxying [POST /elements] to [POST http://127.0.0.1:8201/session/59682100-8fc5-47e3-965d-b046eb50333b/elements] with body: {"strategy":"xpath","selector":"//android.widget.EditText[@resource-id=\"com.fghilmany.dietmealapp:id/et_name\"]","context":"","multiple":true}
[38;5;167m[051ce5d2][0m[38;5;213m[AndroidUiautomator2Driver@f37b (051ce5d2)][0m Got response with status 200: {"sessionId":"59682100-8fc5-47e3-965d-b046eb50333b","value":[]}
[38;5;167m[051ce5d2][0m[38;5;213m[AndroidUiautomator2Driver@f37b (051ce5d2)][0m Responding to client with driver.findElements() result: []
[38;5;167m[051ce5d2][0m[38;5;86m[HTTP][0m [37m<-- POST /session/051ce5d2-8cbf-45bd-ab3b-01875b7a22ab/elements [39m[32m200[39m [90m227 ms - 12[39m [90m[39m
[38;5;167m[051ce5d2][0m[38;5;86m[HTTP][0m [37m-->[39m [37mPOST[39m [37m/session/051ce5d2-8cbf-45bd-ab3b-01875b7a22ab/elements[39m [90m{"using":"xpath","value":"//android.widget.EditText[@resource-id=\"com.fghilmany.dietmealapp:id/et_name\"]"}[39m
[38;5;167m[051ce5d2][0m[38;5;213m[AndroidUiautomator2Driver@f37b (051ce5d2)][0m Calling AppiumDriver.findElements() with args: ["xpath","//android.widget.EditText[@resource-id=\"com.fghilmany.dietmealapp:id/et_name\"]","051ce5d2-8cbf-45bd-ab3b-01875b7a22ab"]
[38;5;167m[051ce5d2][0m[38;5;213m[AndroidUiautomator2Driver@f37b (051ce5d2)][0m Valid locator strategies for this request: xpath, id, class name, accessibility id, css selector, -android uiautomator
[38;5;167m[051ce5d2][0m[38;5;213m[AndroidUiautomator2Driver@f37b (051ce5d2)][0m Waiting up to 0 ms for condition
[38;5;167m[051ce5d2][0m[38;5;213m[AndroidUiautomator2Driver@f37b (051ce5d2)][0m Matched '/elements' to command name 'findElements'
[38;5;167m[051ce5d2][0m[38;5;213m[AndroidUiautomator2Driver@f37b (051ce5d2)][0m Proxying [POST /elements] to [POST http://127.0.0.1:8201/session/59682100-8fc5-47e3-965d-b046eb50333b/elements] with body: {"strategy":"xpath","selector":"//android.widget.EditText[@resource-id=\"com.fghilmany.dietmealapp:id/et_name\"]","context":"","multiple":true}
[38;5;167m[051ce5d2][0m[38;5;213m[AndroidUiautomator2Driver@f37b (051ce5d2)][0m Got response with status 200: {"sessionId":"59682100-8fc5-47e3-965d-b046eb50333b","value":[{"ELEMENT":"00000000-0000-0205-ffff-ffff00000017","element-6066-11e4-a52e-4f735466cecf":"00000000-0000-0205-ffff-ffff00000017"}]}
[38;5;167m[051ce5d2][0m[38;5;213m[AndroidUiautomator2Driver@f37b (051ce5d2)][0m Responding to client with driver.findElements() result: [{"element-6066-11e4-a52e-4f735466cecf":"00000000-0000-0205-ffff-ffff00000017","ELEMENT":"00000000-0000-0205-ffff-ffff00000017"}]
[38;5;167m[051ce5d2][0m[38;5;86m[HTTP][0m [37m<-- POST /session/051ce5d2-8cbf-45bd-ab3b-01875b7a22ab/elements [39m[32m200[39m [90m582 ms - 139[39m [90m[39m
[38;5;167m[051ce5d2][0m[38;5;86m[HTTP][0m [37m-->[39m [37mPOST[39m [37m/session/051ce5d2-8cbf-45bd-ab3b-01875b7a22ab/element[39m [90m{"using":"xpath","value":"//android.widget.EditText[@resource-id=\"com.fghilmany.dietmealapp:id/et_name\"]"}[39m
[38;5;167m[051ce5d2][0m[38;5;213m[AndroidUiautomator2Driver@f37b (051ce5d2)][0m Calling AppiumDriver.findElement() with args: ["xpath","//android.widget.EditText[@resource-id=\"com.fghilmany.dietmealapp:id/et_name\"]","051ce5d2-8cbf-45bd-ab3b-01875b7a22ab"]
[38;5;167m[051ce5d2][0m[38;5;213m[AndroidUiautomator2Driver@f37b (051ce5d2)][0m Valid locator strategies for this request: xpath, id, class name, accessibility id, css selector, -android uiautomator
[38;5;167m[051ce5d2][0m[38;5;213m[AndroidUiautomator2Driver@f37b (051ce5d2)][0m Waiting up to 0 ms for condition
[38;5;167m[051ce5d2][0m[38;5;213m[AndroidUiautomator2Driver@f37b (051ce5d2)][0m Matched '/element' to command name 'findElement'
[38;5;167m[051ce5d2][0m[38;5;213m[AndroidUiautomator2Driver@f37b (051ce5d2)][0m Proxying [POST /element] to [POST http://127.0.0.1:8201/session/59682100-8fc5-47e3-965d-b046eb50333b/element] with body: {"strategy":"xpath","selector":"//android.widget.EditText[@resource-id=\"com.fghilmany.dietmealapp:id/et_name\"]","context":"","multiple":false}
[38;5;167m[051ce5d2][0m[38;5;213m[AndroidUiautomator2Driver@f37b (051ce5d2)][0m Got response with status 200: {"sessionId":"59682100-8fc5-47e3-965d-b046eb50333b","value":{"ELEMENT":"00000000-0000-0205-ffff-ffff00000017","element-6066-11e4-a52e-4f735466cecf":"00000000-0000-0205-ffff-ffff00000017"}}
[38;5;167m[051ce5d2][0m[38;5;213m[AndroidUiautomator2Driver@f37b (051ce5d2)][0m Responding to client with driver.findElement() result: {"element-6066-11e4-a52e-4f735466cecf":"00000000-0000-0205-ffff-ffff00000017","ELEMENT":"00000000-0000-0205-ffff-ffff00000017"}
[38;5;167m[051ce5d2][0m[38;5;86m[HTTP][0m [37m<-- POST /session/051ce5d2-8cbf-45bd-ab3b-01875b7a22ab/element [39m[32m200[39m [90m620 ms - 137[39m [90m[39m
[38;5;167m[051ce5d2][0m[38;5;86m[HTTP][0m [37m-->[39m [37mPOST[39m [37m/session/051ce5d2-8cbf-45bd-ab3b-01875b7a22ab/element/00000000-0000-0205-ffff-ffff00000017/click[39m [90m{}[39m
[38;5;167m[051ce5d2][0m[38;5;213m[AndroidUiautomator2Driver@f37b (051ce5d2)][0m Calling AppiumDriver.click() with args: ["00000000-0000-0205-ffff-ffff00000017","051ce5d2-8cbf-45bd-ab3b-01875b7a22ab"]
[38;5;167m[051ce5d2][0m[38;5;213m[AndroidUiautomator2Driver@f37b (051ce5d2)][0m Matched '/element/00000000-0000-0205-ffff-ffff00000017/click' to command name 'click'
[38;5;167m[051ce5d2][0m[38;5;213m[AndroidUiautomator2Driver@f37b (051ce5d2)][0m Proxying [POST /element/00000000-0000-0205-ffff-ffff00000017/click] to [POST http://127.0.0.1:8201/session/59682100-8fc5-47e3-965d-b046eb50333b/element/00000000-0000-0205-ffff-ffff00000017/click] with body: {"element":"00000000-0000-0205-ffff-ffff00000017"}
[38;5;167m[051ce5d2][0m[38;5;213m[AndroidUiautomator2Driver@f37b (051ce5d2)][0m Got response with status 200: {"sessionId":"59682100-8fc5-47e3-965d-b046eb50333b","value":null}
[38;5;167m[051ce5d2][0m[38;5;213m[AndroidUiautomator2Driver@f37b (051ce5d2)][0m Responding to client with driver.click() result: null
[38;5;167m[051ce5d2][0m[38;5;86m[HTTP][0m [37m<-- POST /session/051ce5d2-8cbf-45bd-ab3b-01875b7a22ab/element/00000000-0000-0205-ffff-ffff00000017/click [39m[32m200[39m [90m102 ms - 14[39m [90m[39m
[38;5;167m[051ce5d2][0m[38;5;86m[HTTP][0m [37m-->[39m [37mPOST[39m [37m/session/051ce5d2-8cbf-45bd-ab3b-01875b7a22ab/element[39m [90m{"using":"xpath","value":"//android.widget.EditText[@resource-id=\"com.fghilmany.dietmealapp:id/et_name\"]"}[39m
[38;5;167m[051ce5d2][0m[38;5;213m[AndroidUiautomator2Driver@f37b (051ce5d2)][0m Calling AppiumDriver.findElement() with args: ["xpath","//android.widget.EditText[@resource-id=\"com.fghilmany.dietmealapp:id/et_name\"]","051ce5d2-8cbf-45bd-ab3b-01875b7a22ab"]
[38;5;167m[051ce5d2][0m[38;5;213m[AndroidUiautomator2Driver@f37b (051ce5d2)][0m Valid locator strategies for this request: xpath, id, class name, accessibility id, css selector, -android uiautomator
[38;5;167m[051ce5d2][0m[38;5;213m[AndroidUiautomator2Driver@f37b (051ce5d2)][0m Waiting up to 0 ms for condition
[38;5;167m[051ce5d2][0m[38;5;213m[AndroidUiautomator2Driver@f37b (051ce5d2)][0m Matched '/element' to command name 'findElement'
[38;5;167m[051ce5d2][0m[38;5;213m[AndroidUiautomator2Driver@f37b (051ce5d2)][0m Proxying [POST /element] to [POST http://127.0.0.1:8201/session/59682100-8fc5-47e3-965d-b046eb50333b/element] with body: {"strategy":"xpath","selector":"//android.widget.EditText[@resource-id=\"com.fghilmany.dietmealapp:id/et_name\"]","context":"","multiple":false}
[38;5;167m[051ce5d2][0m[38;5;213m[AndroidUiautomator2Driver@f37b (051ce5d2)][0m Got response with status 200: {"sessionId":"59682100-8fc5-47e3-965d-b046eb50333b","value":{"ELEMENT":"00000000-0000-0205-ffff-ffff00000017","element-6066-11e4-a52e-4f735466cecf":"00000000-0000-0205-ffff-ffff00000017"}}
[38;5;167m[051ce5d2][0m[38;5;213m[AndroidUiautomator2Driver@f37b (051ce5d2)][0m Responding to client with driver.findElement() result: {"element-6066-11e4-a52e-4f735466cecf":"00000000-0000-0205-ffff-ffff00000017","ELEMENT":"00000000-0000-0205-ffff-ffff00000017"}
[38;5;167m[051ce5d2][0m[38;5;86m[HTTP][0m [37m<-- POST /session/051ce5d2-8cbf-45bd-ab3b-01875b7a22ab/element [39m[32m200[39m [90m527 ms - 137[39m [90m[39m
[38;5;167m[051ce5d2][0m[38;5;86m[HTTP][0m [37m-->[39m [37mPOST[39m [37m/session/051ce5d2-8cbf-45bd-ab3b-01875b7a22ab/element/00000000-0000-0205-ffff-ffff00000017/click[39m [90m{}[39m
[38;5;167m[051ce5d2][0m[38;5;213m[AndroidUiautomator2Driver@f37b (051ce5d2)][0m Calling AppiumDriver.click() with args: ["00000000-0000-0205-ffff-ffff00000017","051ce5d2-8cbf-45bd-ab3b-01875b7a22ab"]
[38;5;167m[051ce5d2][0m[38;5;213m[AndroidUiautomator2Driver@f37b (051ce5d2)][0m Matched '/element/00000000-0000-0205-ffff-ffff00000017/click' to command name 'click'
[38;5;167m[051ce5d2][0m[38;5;213m[AndroidUiautomator2Driver@f37b (051ce5d2)][0m Proxying [POST /element/00000000-0000-0205-ffff-ffff00000017/click] to [POST http://127.0.0.1:8201/session/59682100-8fc5-47e3-965d-b046eb50333b/element/00000000-0000-0205-ffff-ffff00000017/click] with body: {"element":"00000000-0000-0205-ffff-ffff00000017"}
[38;5;167m[051ce5d2][0m[38;5;213m[AndroidUiautomator2Driver@f37b (051ce5d2)][0m Got response with status 200: {"sessionId":"59682100-8fc5-47e3-965d-b046eb50333b","value":null}
[38;5;167m[051ce5d2][0m[38;5;213m[AndroidUiautomator2Driver@f37b (051ce5d2)][0m Responding to client with driver.click() result: null
[38;5;167m[051ce5d2][0m[38;5;86m[HTTP][0m [37m<-- POST /session/051ce5d2-8cbf-45bd-ab3b-01875b7a22ab/element/00000000-0000-0205-ffff-ffff00000017/click [39m[32m200[39m [90m899 ms - 14[39m [90m[39m
[38;5;167m[051ce5d2][0m[38;5;86m[HTTP][0m [37m-->[39m [37mPOST[39m [37m/session/051ce5d2-8cbf-45bd-ab3b-01875b7a22ab/element/00000000-0000-0205-ffff-ffff00000017/clear[39m [90m{}[39m
[38;5;167m[051ce5d2][0m[38;5;213m[AndroidUiautomator2Driver@f37b (051ce5d2)][0m Calling AppiumDriver.clear() with args: ["00000000-0000-0205-ffff-ffff00000017","051ce5d2-8cbf-45bd-ab3b-01875b7a22ab"]
[38;5;167m[051ce5d2][0m[38;5;213m[AndroidUiautomator2Driver@f37b (051ce5d2)][0m Matched '/element/00000000-0000-0205-ffff-ffff00000017/clear' to command name 'clear'
[38;5;167m[051ce5d2][0m[38;5;213m[AndroidUiautomator2Driver@f37b (051ce5d2)][0m Proxying [POST /element/00000000-0000-0205-ffff-ffff00000017/clear] to [POST http://127.0.0.1:8201/session/59682100-8fc5-47e3-965d-b046eb50333b/element/00000000-0000-0205-ffff-ffff00000017/clear] with body: {"elementId":"00000000-0000-0205-ffff-ffff00000017"}
[38;5;167m[051ce5d2][0m[38;5;213m[AndroidUiautomator2Driver@f37b (051ce5d2)][0m Got response with status 200: {"sessionId":"59682100-8fc5-47e3-965d-b046eb50333b","value":null}
[38;5;167m[051ce5d2][0m[38;5;213m[AndroidUiautomator2Driver@f37b (051ce5d2)][0m Responding to client with driver.clear() result: null
[38;5;167m[051ce5d2][0m[38;5;86m[HTTP][0m [37m<-- POST /session/051ce5d2-8cbf-45bd-ab3b-01875b7a22ab/element/00000000-0000-0205-ffff-ffff00000017/clear [39m[32m200[39m [90m1310 ms - 14[39m [90m[39m
[38;5;167m[051ce5d2][0m[38;5;86m[HTTP][0m [37m-->[39m [37mPOST[39m [37m/session/051ce5d2-8cbf-45bd-ab3b-01875b7a22ab/element/00000000-0000-0205-ffff-ffff00000017/value[39m [90m{"text":"Jelita Siahaan"}[39m
[38;5;167m[051ce5d2][0m[38;5;213m[AndroidUiautomator2Driver@f37b (051ce5d2)][0m Calling AppiumDriver.setValue() with args: ["Jelita Siahaan","00000000-0000-0205-ffff-ffff00000017","051ce5d2-8cbf-45bd-ab3b-01875b7a22ab"]
[38;5;167m[051ce5d2][0m[38;5;213m[AndroidUiautomator2Driver@f37b (051ce5d2)][0m Matched '/element/00000000-0000-0205-ffff-ffff00000017/value' to command name 'setValue'
[38;5;167m[051ce5d2][0m[38;5;213m[AndroidUiautomator2Driver@f37b (051ce5d2)][0m Added 'value' property ["J","e","l","i","t","a"," ","S","i","a","h","a","a","n"] to 'setValue' request body
[38;5;167m[051ce5d2][0m[38;5;213m[AndroidUiautomator2Driver@f37b (051ce5d2)][0m Proxying [POST /element/00000000-0000-0205-ffff-ffff00000017/value] to [POST http://127.0.0.1:8201/session/59682100-8fc5-47e3-965d-b046eb50333b/element/00000000-0000-0205-ffff-ffff00000017/value] with body: {"elementId":"00000000-0000-0205-ffff-ffff00000017","text":"Jelita Siahaan","replace":false,"value":["J","e","l","i","t","a"," ","S","i","a","h","a","a","n"]}
[38;5;167m[051ce5d2][0m[38;5;213m[AndroidUiautomator2Driver@f37b (051ce5d2)][0m Got response with status 200: {"sessionId":"59682100-8fc5-47e3-965d-b046eb50333b","value":null}
[38;5;167m[051ce5d2][0m[38;5;213m[AndroidUiautomator2Driver@f37b (051ce5d2)][0m Responding to client with driver.setValue() result: null
[38;5;167m[051ce5d2][0m[38;5;86m[HTTP][0m [37m<-- POST /session/051ce5d2-8cbf-45bd-ab3b-01875b7a22ab/element/00000000-0000-0205-ffff-ffff00000017/value [39m[32m200[39m [90m1508 ms - 14[39m [90m[39m
[38;5;167m[051ce5d2][0m[38;5;86m[HTTP][0m [37m-->[39m [37mPOST[39m [37m/session/051ce5d2-8cbf-45bd-ab3b-01875b7a22ab/element[39m [90m{"using":"xpath","value":"//android.widget.EditText[@resource-id=\"com.fghilmany.dietmealapp:id/et_weight\"]"}[39m
[38;5;167m[051ce5d2][0m[38;5;213m[AndroidUiautomator2Driver@f37b (051ce5d2)][0m Calling AppiumDriver.findElement() with args: ["xpath","//android.widget.EditText[@resource-id=\"com.fghilmany.dietmealapp:id/et_weight\"]","051ce5d2-8cbf-45bd-ab3b-01875b7a22ab"]
[38;5;167m[051ce5d2][0m[38;5;213m[AndroidUiautomator2Driver@f37b (051ce5d2)][0m Valid locator strategies for this request: xpath, id, class name, accessibility id, css selector, -android uiautomator
[38;5;167m[051ce5d2][0m[38;5;213m[AndroidUiautomator2Driver@f37b (051ce5d2)][0m Waiting up to 0 ms for condition
[38;5;167m[051ce5d2][0m[38;5;213m[AndroidUiautomator2Driver@f37b (051ce5d2)][0m Matched '/element' to command name 'findElement'
[38;5;167m[051ce5d2][0m[38;5;213m[AndroidUiautomator2Driver@f37b (051ce5d2)][0m Proxying [POST /element] to [POST http://127.0.0.1:8201/session/59682100-8fc5-47e3-965d-b046eb50333b/element] with body: {"strategy":"xpath","selector":"//android.widget.EditText[@resource-id=\"com.fghilmany.dietmealapp:id/et_weight\"]","context":"","multiple":false}
[38;5;167m[051ce5d2][0m[38;5;213m[AndroidUiautomator2Driver@f37b (051ce5d2)][0m Got response with status 200: {"sessionId":"59682100-8fc5-47e3-965d-b046eb50333b","value":{"ELEMENT":"00000000-0000-0205-ffff-ffff00000023","element-6066-11e4-a52e-4f735466cecf":"00000000-0000-0205-ffff-ffff00000023"}}
[38;5;167m[051ce5d2][0m[38;5;213m[AndroidUiautomator2Driver@f37b (051ce5d2)][0m Responding to client with driver.findElement() result: {"element-6066-11e4-a52e-4f735466cecf":"00000000-0000-0205-ffff-ffff00000023","ELEMENT":"00000000-0000-0205-ffff-ffff00000023"}
[38;5;167m[051ce5d2][0m[38;5;86m[HTTP][0m [37m<-- POST /session/051ce5d2-8cbf-45bd-ab3b-01875b7a22ab/element [39m[32m200[39m [90m939 ms - 137[39m [90m[39m
[38;5;167m[051ce5d2][0m[38;5;86m[HTTP][0m [37m-->[39m [37mPOST[39m [37m/session/051ce5d2-8cbf-45bd-ab3b-01875b7a22ab/element/00000000-0000-0205-ffff-ffff00000023/click[39m [90m{}[39m
[38;5;167m[051ce5d2][0m[38;5;213m[AndroidUiautomator2Driver@f37b (051ce5d2)][0m Calling AppiumDriver.click() with args: ["00000000-0000-0205-ffff-ffff00000023","051ce5d2-8cbf-45bd-ab3b-01875b7a22ab"]
[38;5;167m[051ce5d2][0m[38;5;213m[AndroidUiautomator2Driver@f37b (051ce5d2)][0m Matched '/element/00000000-0000-0205-ffff-ffff00000023/click' to command name 'click'
[38;5;167m[051ce5d2][0m[38;5;213m[AndroidUiautomator2Driver@f37b (051ce5d2)][0m Proxying [POST /element/00000000-0000-0205-ffff-ffff00000023/click] to [POST http://127.0.0.1:8201/session/59682100-8fc5-47e3-965d-b046eb50333b/element/00000000-0000-0205-ffff-ffff00000023/click] with body: {"element":"00000000-0000-0205-ffff-ffff00000023"}
[38;5;167m[051ce5d2][0m[38;5;213m[AndroidUiautomator2Driver@f37b (051ce5d2)][0m Got response with status 200: {"sessionId":"59682100-8fc5-47e3-965d-b046eb50333b","value":null}
[38;5;167m[051ce5d2][0m[38;5;213m[AndroidUiautomator2Driver@f37b (051ce5d2)][0m Responding to client with driver.click() result: null
[38;5;167m[051ce5d2][0m[38;5;86m[HTTP][0m [37m<-- POST /session/051ce5d2-8cbf-45bd-ab3b-01875b7a22ab/element/00000000-0000-0205-ffff-ffff00000023/click [39m[32m200[39m [90m105 ms - 14[39m [90m[39m
[38;5;167m[051ce5d2][0m[38;5;86m[HTTP][0m [37m-->[39m [37mPOST[39m [37m/session/051ce5d2-8cbf-45bd-ab3b-01875b7a22ab/element/00000000-0000-0205-ffff-ffff00000023/clear[39m [90m{}[39m
[38;5;167m[051ce5d2][0m[38;5;213m[AndroidUiautomator2Driver@f37b (051ce5d2)][0m Calling AppiumDriver.clear() with args: ["00000000-0000-0205-ffff-ffff00000023","051ce5d2-8cbf-45bd-ab3b-01875b7a22ab"]
[38;5;167m[051ce5d2][0m[38;5;213m[AndroidUiautomator2Driver@f37b (051ce5d2)][0m Matched '/element/00000000-0000-0205-ffff-ffff00000023/clear' to command name 'clear'
[38;5;167m[051ce5d2][0m[38;5;213m[AndroidUiautomator2Driver@f37b (051ce5d2)][0m Proxying [POST /element/00000000-0000-0205-ffff-ffff00000023/clear] to [POST http://127.0.0.1:8201/session/59682100-8fc5-47e3-965d-b046eb50333b/element/00000000-0000-0205-ffff-ffff00000023/clear] with body: {"elementId":"00000000-0000-0205-ffff-ffff00000023"}
[38;5;167m[051ce5d2][0m[38;5;213m[AndroidUiautomator2Driver@f37b (051ce5d2)][0m Got response with status 200: {"sessionId":"59682100-8fc5-47e3-965d-b046eb50333b","value":null}
[38;5;167m[051ce5d2][0m[38;5;213m[AndroidUiautomator2Driver@f37b (051ce5d2)][0m Responding to client with driver.clear() result: null
[38;5;167m[051ce5d2][0m[38;5;86m[HTTP][0m [37m<-- POST /session/051ce5d2-8cbf-45bd-ab3b-01875b7a22ab/element/00000000-0000-0205-ffff-ffff00000023/clear [39m[32m200[39m [90m869 ms - 14[39m [90m[39m
[38;5;167m[051ce5d2][0m[38;5;86m[HTTP][0m [37m-->[39m [37mPOST[39m [37m/session/051ce5d2-8cbf-45bd-ab3b-01875b7a22ab/element/00000000-0000-0205-ffff-ffff00000023/value[39m [90m{"text":"62"}[39m
[38;5;167m[051ce5d2][0m[38;5;213m[AndroidUiautomator2Driver@f37b (051ce5d2)][0m Calling AppiumDriver.setValue() with args: ["62","00000000-0000-0205-ffff-ffff00000023","051ce5d2-8cbf-45bd-ab3b-01875b7a22ab"]
[38;5;167m[051ce5d2][0m[38;5;213m[AndroidUiautomator2Driver@f37b (051ce5d2)][0m Matched '/element/00000000-0000-0205-ffff-ffff00000023/value' to command name 'setValue'
[38;5;167m[051ce5d2][0m[38;5;213m[AndroidUiautomator2Driver@f37b (051ce5d2)][0m Added 'value' property ["6","2"] to 'setValue' request body
[38;5;167m[051ce5d2][0m[38;5;213m[AndroidUiautomator2Driver@f37b (051ce5d2)][0m Proxying [POST /element/00000000-0000-0205-ffff-ffff00000023/value] to [POST http://127.0.0.1:8201/session/59682100-8fc5-47e3-965d-b046eb50333b/element/00000000-0000-0205-ffff-ffff00000023/value] with body: {"elementId":"00000000-0000-0205-ffff-ffff00000023","text":"62","replace":false,"value":["6","2"]}
[38;5;167m[051ce5d2][0m[38;5;213m[AndroidUiautomator2Driver@f37b (051ce5d2)][0m Got response with status 200: {"sessionId":"59682100-8fc5-47e3-965d-b046eb50333b","value":null}
[38;5;167m[051ce5d2][0m[38;5;213m[AndroidUiautomator2Driver@f37b (051ce5d2)][0m Responding to client with driver.setValue() result: null
[38;5;167m[051ce5d2][0m[38;5;86m[HTTP][0m [37m<-- POST /session/051ce5d2-8cbf-45bd-ab3b-01875b7a22ab/element/00000000-0000-0205-ffff-ffff00000023/value [39m[32m200[39m [90m1505 ms - 14[39m [90m[39m
[38;5;167m[051ce5d2][0m[38;5;86m[HTTP][0m [37m-->[39m [37mPOST[39m [37m/session/051ce5d2-8cbf-45bd-ab3b-01875b7a22ab/element[39m [90m{"using":"xpath","value":"//android.widget.EditText[@resource-id=\"com.fghilmany.dietmealapp:id/et_height\"]"}[39m
[38;5;167m[051ce5d2][0m[38;5;213m[AndroidUiautomator2Driver@f37b (051ce5d2)][0m Calling AppiumDriver.findElement() with args: ["xpath","//android.widget.EditText[@resource-id=\"com.fghilmany.dietmealapp:id/et_height\"]","051ce5d2-8cbf-45bd-ab3b-01875b7a22ab"]
[38;5;167m[051ce5d2][0m[38;5;213m[AndroidUiautomator2Driver@f37b (051ce5d2)][0m Valid locator strategies for this request: xpath, id, class name, accessibility id, css selector, -android uiautomator
[38;5;167m[051ce5d2][0m[38;5;213m[AndroidUiautomator2Driver@f37b (051ce5d2)][0m Waiting up to 0 ms for condition
[38;5;167m[051ce5d2][0m[38;5;213m[AndroidUiautomator2Driver@f37b (051ce5d2)][0m Matched '/element' to command name 'findElement'
[38;5;167m[051ce5d2][0m[38;5;213m[AndroidUiautomator2Driver@f37b (051ce5d2)][0m Proxying [POST /element] to [POST http://127.0.0.1:8201/session/59682100-8fc5-47e3-965d-b046eb50333b/element] with body: {"strategy":"xpath","selector":"//android.widget.EditText[@resource-id=\"com.fghilmany.dietmealapp:id/et_height\"]","context":"","multiple":false}
[38;5;167m[051ce5d2][0m[38;5;213m[AndroidUiautomator2Driver@f37b (051ce5d2)][0m Got response with status 200: {"sessionId":"59682100-8fc5-47e3-965d-b046eb50333b","value":{"ELEMENT":"00000000-0000-0205-ffff-ffff0000002f","element-6066-11e4-a52e-4f735466cecf":"00000000-0000-0205-ffff-ffff0000002f"}}
[38;5;167m[051ce5d2][0m[38;5;213m[AndroidUiautomator2Driver@f37b (051ce5d2)][0m Responding to client with driver.findElement() result: {"element-6066-11e4-a52e-4f735466cecf":"00000000-0000-0205-ffff-ffff0000002f","ELEMENT":"00000000-0000-0205-ffff-ffff0000002f"}
[38;5;167m[051ce5d2][0m[38;5;86m[HTTP][0m [37m<-- POST /session/051ce5d2-8cbf-45bd-ab3b-01875b7a22ab/element [39m[32m200[39m [90m939 ms - 137[39m [90m[39m
[38;5;167m[051ce5d2][0m[38;5;86m[HTTP][0m [37m-->[39m [37mPOST[39m [37m/session/051ce5d2-8cbf-45bd-ab3b-01875b7a22ab/element/00000000-0000-0205-ffff-ffff0000002f/click[39m [90m{}[39m
[38;5;167m[051ce5d2][0m[38;5;213m[AndroidUiautomator2Driver@f37b (051ce5d2)][0m Calling AppiumDriver.click() with args: ["00000000-0000-0205-ffff-ffff0000002f","051ce5d2-8cbf-45bd-ab3b-01875b7a22ab"]
[38;5;167m[051ce5d2][0m[38;5;213m[AndroidUiautomator2Driver@f37b (051ce5d2)][0m Matched '/element/00000000-0000-0205-ffff-ffff0000002f/click' to command name 'click'
[38;5;167m[051ce5d2][0m[38;5;213m[AndroidUiautomator2Driver@f37b (051ce5d2)][0m Proxying [POST /element/00000000-0000-0205-ffff-ffff0000002f/click] to [POST http://127.0.0.1:8201/session/59682100-8fc5-47e3-965d-b046eb50333b/element/00000000-0000-0205-ffff-ffff0000002f/click] with body: {"element":"00000000-0000-0205-ffff-ffff0000002f"}
[38;5;167m[051ce5d2][0m[38;5;213m[AndroidUiautomator2Driver@f37b (051ce5d2)][0m Got response with status 200: {"sessionId":"59682100-8fc5-47e3-965d-b046eb50333b","value":null}
[38;5;167m[051ce5d2][0m[38;5;213m[AndroidUiautomator2Driver@f37b (051ce5d2)][0m Responding to client with driver.click() result: null
[38;5;167m[051ce5d2][0m[38;5;86m[HTTP][0m [37m<-- POST /session/051ce5d2-8cbf-45bd-ab3b-01875b7a22ab/element/00000000-0000-0205-ffff-ffff0000002f/click [39m[32m200[39m [90m98 ms - 14[39m [90m[39m
[38;5;167m[051ce5d2][0m[38;5;86m[HTTP][0m [37m-->[39m [37mPOST[39m [37m/session/051ce5d2-8cbf-45bd-ab3b-01875b7a22ab/element/00000000-0000-0205-ffff-ffff0000002f/clear[39m [90m{}[39m
[38;5;167m[051ce5d2][0m[38;5;213m[AndroidUiautomator2Driver@f37b (051ce5d2)][0m Calling AppiumDriver.clear() with args: ["00000000-0000-0205-ffff-ffff0000002f","051ce5d2-8cbf-45bd-ab3b-01875b7a22ab"]
[38;5;167m[051ce5d2][0m[38;5;213m[AndroidUiautomator2Driver@f37b (051ce5d2)][0m Matched '/element/00000000-0000-0205-ffff-ffff0000002f/clear' to command name 'clear'
[38;5;167m[051ce5d2][0m[38;5;213m[AndroidUiautomator2Driver@f37b (051ce5d2)][0m Proxying [POST /element/00000000-0000-0205-ffff-ffff0000002f/clear] to [POST http://127.0.0.1:8201/session/59682100-8fc5-47e3-965d-b046eb50333b/element/00000000-0000-0205-ffff-ffff0000002f/clear] with body: {"elementId":"00000000-0000-0205-ffff-ffff0000002f"}
[38;5;167m[051ce5d2][0m[38;5;213m[AndroidUiautomator2Driver@f37b (051ce5d2)][0m Got response with status 200: {"sessionId":"59682100-8fc5-47e3-965d-b046eb50333b","value":null}
[38;5;167m[051ce5d2][0m[38;5;213m[AndroidUiautomator2Driver@f37b (051ce5d2)][0m Responding to client with driver.clear() result: null
[38;5;167m[051ce5d2][0m[38;5;86m[HTTP][0m [37m<-- POST /session/051ce5d2-8cbf-45bd-ab3b-01875b7a22ab/element/00000000-0000-0205-ffff-ffff0000002f/clear [39m[32m200[39m [90m752 ms - 14[39m [90m[39m
[38;5;167m[051ce5d2][0m[38;5;86m[HTTP][0m [37m-->[39m [37mPOST[39m [37m/session/051ce5d2-8cbf-45bd-ab3b-01875b7a22ab/element/00000000-0000-0205-ffff-ffff0000002f/value[39m [90m{"text":"155"}[39m
[38;5;167m[051ce5d2][0m[38;5;213m[AndroidUiautomator2Driver@f37b (051ce5d2)][0m Calling AppiumDriver.setValue() with args: ["155","00000000-0000-0205-ffff-ffff0000002f","051ce5d2-8cbf-45bd-ab3b-01875b7a22ab"]
[38;5;167m[051ce5d2][0m[38;5;213m[AndroidUiautomator2Driver@f37b (051ce5d2)][0m Matched '/element/00000000-0000-0205-ffff-ffff0000002f/value' to command name 'setValue'
[38;5;167m[051ce5d2][0m[38;5;213m[AndroidUiautomator2Driver@f37b (051ce5d2)][0m Added 'value' property ["1","5","5"] to 'setValue' request body
[38;5;167m[051ce5d2][0m[38;5;213m[AndroidUiautomator2Driver@f37b (051ce5d2)][0m Proxying [POST /element/00000000-0000-0205-ffff-ffff0000002f/value] to [POST http://127.0.0.1:8201/session/59682100-8fc5-47e3-965d-b046eb50333b/element/00000000-0000-0205-ffff-ffff0000002f/value] with body: {"elementId":"00000000-0000-0205-ffff-ffff0000002f","text":"155","replace":false,"value":["1","5","5"]}
[38;5;167m[051ce5d2][0m[38;5;213m[AndroidUiautomator2Driver@f37b (051ce5d2)][0m Got response with status 200: {"sessionId":"59682100-8fc5-47e3-965d-b046eb50333b","value":null}
[38;5;167m[051ce5d2][0m[38;5;213m[AndroidUiautomator2Driver@f37b (051ce5d2)][0m Responding to client with driver.setValue() result: null
[38;5;167m[051ce5d2][0m[38;5;86m[HTTP][0m [37m<-- POST /session/051ce5d2-8cbf-45bd-ab3b-01875b7a22ab/element/00000000-0000-0205-ffff-ffff0000002f/value [39m[32m200[39m [90m1466 ms - 14[39m [90m[39m
[38;5;167m[051ce5d2][0m[38;5;86m[HTTP][0m [37m-->[39m [37mPOST[39m [37m/session/051ce5d2-8cbf-45bd-ab3b-01875b7a22ab/element[39m [90m{"using":"xpath","value":"//android.widget.RadioButton[@resource-id=\"com.fghilmany.dietmealapp:id/rb_male\"]"}[39m
[38;5;167m[051ce5d2][0m[38;5;213m[AndroidUiautomator2Driver@f37b (051ce5d2)][0m Calling AppiumDriver.findElement() with args: ["xpath","//android.widget.RadioButton[@resource-id=\"com.fghilmany.dietmealapp:id/rb_male\"]","051ce5d2-8cbf-45bd-ab3b-01875b7a22ab"]
[38;5;167m[051ce5d2][0m[38;5;213m[AndroidUiautomator2Driver@f37b (051ce5d2)][0m Valid locator strategies for this request: xpath, id, class name, accessibility id, css selector, -android uiautomator
[38;5;167m[051ce5d2][0m[38;5;213m[AndroidUiautomator2Driver@f37b (051ce5d2)][0m Waiting up to 0 ms for condition
[38;5;167m[051ce5d2][0m[38;5;213m[AndroidUiautomator2Driver@f37b (051ce5d2)][0m Matched '/element' to command name 'findElement'
[38;5;167m[051ce5d2][0m[38;5;213m[AndroidUiautomator2Driver@f37b (051ce5d2)][0m Proxying [POST /element] to [POST http://127.0.0.1:8201/session/59682100-8fc5-47e3-965d-b046eb50333b/element] with body: {"strategy":"xpath","selector":"//android.widget.RadioButton[@resource-id=\"com.fghilmany.dietmealapp:id/rb_male\"]","context":"","multiple":false}
[38;5;167m[051ce5d2][0m[38;5;213m[AndroidUiautomator2Driver@f37b (051ce5d2)][0m Got response with status 200: {"sessionId":"59682100-8fc5-47e3-965d-b046eb50333b","value":{"ELEMENT":"00000000-0000-0205-ffff-ffff0000003a","element-6066-11e4-a52e-4f735466cecf":"00000000-0000-0205-ffff-ffff0000003a"}}
[38;5;167m[051ce5d2][0m[38;5;213m[AndroidUiautomator2Driver@f37b (051ce5d2)][0m Responding to client with driver.findElement() result: {"element-6066-11e4-a52e-4f735466cecf":"00000000-0000-0205-ffff-ffff0000003a","ELEMENT":"00000000-0000-0205-ffff-ffff0000003a"}
[38;5;167m[051ce5d2][0m[38;5;86m[HTTP][0m [37m<-- POST /session/051ce5d2-8cbf-45bd-ab3b-01875b7a22ab/element [39m[32m200[39m [90m928 ms - 137[39m [90m[39m
[38;5;167m[051ce5d2][0m[38;5;86m[HTTP][0m [37m-->[39m [37mPOST[39m [37m/session/051ce5d2-8cbf-45bd-ab3b-01875b7a22ab/element/00000000-0000-0205-ffff-ffff0000003a/click[39m [90m{}[39m
[38;5;167m[051ce5d2][0m[38;5;213m[AndroidUiautomator2Driver@f37b (051ce5d2)][0m Calling AppiumDriver.click() with args: ["00000000-0000-0205-ffff-ffff0000003a","051ce5d2-8cbf-45bd-ab3b-01875b7a22ab"]
[38;5;167m[051ce5d2][0m[38;5;213m[AndroidUiautomator2Driver@f37b (051ce5d2)][0m Matched '/element/00000000-0000-0205-ffff-ffff0000003a/click' to command name 'click'
[38;5;167m[051ce5d2][0m[38;5;213m[AndroidUiautomator2Driver@f37b (051ce5d2)][0m Proxying [POST /element/00000000-0000-0205-ffff-ffff0000003a/click] to [POST http://127.0.0.1:8201/session/59682100-8fc5-47e3-965d-b046eb50333b/element/00000000-0000-0205-ffff-ffff0000003a/click] with body: {"element":"00000000-0000-0205-ffff-ffff0000003a"}
[38;5;167m[051ce5d2][0m[38;5;213m[AndroidUiautomator2Driver@f37b (051ce5d2)][0m Got response with status 200: {"sessionId":"59682100-8fc5-47e3-965d-b046eb50333b","value":null}
[38;5;167m[051ce5d2][0m[38;5;213m[AndroidUiautomator2Driver@f37b (051ce5d2)][0m Responding to client with driver.click() result: null
[38;5;167m[051ce5d2][0m[38;5;86m[HTTP][0m [37m<-- POST /session/051ce5d2-8cbf-45bd-ab3b-01875b7a22ab/element/00000000-0000-0205-ffff-ffff0000003a/click [39m[32m200[39m [90m95 ms - 14[39m [90m[39m
[38;5;167m[051ce5d2][0m[38;5;86m[HTTP][0m [37m-->[39m [37mPOST[39m [37m/session/051ce5d2-8cbf-45bd-ab3b-01875b7a22ab/appium/device/hide_keyboard[39m [90m{}[39m
[38;5;167m[051ce5d2][0m[38;5;213m[AndroidUiautomator2Driver@f37b (051ce5d2)][0m Calling AppiumDriver.hideKeyboard() with args: [null,null,null,null,"051ce5d2-8cbf-45bd-ab3b-01875b7a22ab"]
[38;5;167m[051ce5d2][0m[38;5;229m[ADB][0m Running '/Users/jelitasiahaan/Library/Android/sdk/platform-tools/adb -P 5037 -s RR8W3038G4T shell dumpsys input_method'
[38;5;167m[051ce5d2][0m[38;5;229m[ADB][0m Running '/Users/jelitasiahaan/Library/Android/sdk/platform-tools/adb -P 5037 -s RR8W3038G4T shell input keyevent 111'
[38;5;167m[051ce5d2][0m[38;5;229m[ADB][0m Running '/Users/jelitasiahaan/Library/Android/sdk/platform-tools/adb -P 5037 -s RR8W3038G4T shell dumpsys input_method'
[38;5;167m[051ce5d2][0m[38;5;229m[ADB][0m Running '/Users/jelitasiahaan/Library/Android/sdk/platform-tools/adb -P 5037 -s RR8W3038G4T shell dumpsys input_method'
[38;5;167m[051ce5d2][0m[38;5;229m[ADB][0m Running '/Users/jelitasiahaan/Library/Android/sdk/platform-tools/adb -P 5037 -s RR8W3038G4T shell dumpsys input_method'
[38;5;167m[051ce5d2][0m[38;5;229m[ADB][0m Running '/Users/jelitasiahaan/Library/Android/sdk/platform-tools/adb -P 5037 -s RR8W3038G4T shell input keyevent 4'
[38;5;167m[051ce5d2][0m[38;5;229m[ADB][0m Running '/Users/jelitasiahaan/Library/Android/sdk/platform-tools/adb -P 5037 -s RR8W3038G4T shell dumpsys input_method'
[38;5;167m[051ce5d2][0m[38;5;213m[AndroidUiautomator2Driver@f37b (051ce5d2)][0m Responding to client with driver.hideKeyboard() result: true
[38;5;167m[051ce5d2][0m[38;5;86m[HTTP][0m [37m<-- POST /session/051ce5d2-8cbf-45bd-ab3b-01875b7a22ab/appium/device/hide_keyboard [39m[32m200[39m [90m1946 ms - 14[39m [90m[39m
[38;5;167m[051ce5d2][0m[38;5;86m[HTTP][0m [37m-->[39m [37mPOST[39m [37m/session/051ce5d2-8cbf-45bd-ab3b-01875b7a22ab/element[39m [90m{"using":"xpath","value":"//android.widget.Button[@resource-id=\"com.fghilmany.dietmealapp:id/bt_next\"]"}[39m
[38;5;167m[051ce5d2][0m[38;5;213m[AndroidUiautomator2Driver@f37b (051ce5d2)][0m Calling AppiumDriver.findElement() with args: ["xpath","//android.widget.Button[@resource-id=\"com.fghilmany.dietmealapp:id/bt_next\"]","051ce5d2-8cbf-45bd-ab3b-01875b7a22ab"]
[38;5;167m[051ce5d2][0m[38;5;213m[AndroidUiautomator2Driver@f37b (051ce5d2)][0m Valid locator strategies for this request: xpath, id, class name, accessibility id, css selector, -android uiautomator
[38;5;167m[051ce5d2][0m[38;5;213m[AndroidUiautomator2Driver@f37b (051ce5d2)][0m Waiting up to 0 ms for condition
[38;5;167m[051ce5d2][0m[38;5;213m[AndroidUiautomator2Driver@f37b (051ce5d2)][0m Matched '/element' to command name 'findElement'
[38;5;167m[051ce5d2][0m[38;5;213m[AndroidUiautomator2Driver@f37b (051ce5d2)][0m Proxying [POST /element] to [POST http://127.0.0.1:8201/session/59682100-8fc5-47e3-965d-b046eb50333b/element] with body: {"strategy":"xpath","selector":"//android.widget.Button[@resource-id=\"com.fghilmany.dietmealapp:id/bt_next\"]","context":"","multiple":false}
[38;5;167m[051ce5d2][0m[38;5;213m[AndroidUiautomator2Driver@f37b (051ce5d2)][0m Got response with status 200: {"sessionId":"59682100-8fc5-47e3-965d-b046eb50333b","value":{"ELEMENT":"00000000-0000-0205-ffff-ffff0000003c","element-6066-11e4-a52e-4f735466cecf":"00000000-0000-0205-ffff-ffff0000003c"}}
[38;5;167m[051ce5d2][0m[38;5;213m[AndroidUiautomator2Driver@f37b (051ce5d2)][0m Responding to client with driver.findElement() result: {"element-6066-11e4-a52e-4f735466cecf":"00000000-0000-0205-ffff-ffff0000003c","ELEMENT":"00000000-0000-0205-ffff-ffff0000003c"}
[38;5;167m[051ce5d2][0m[38;5;86m[HTTP][0m [37m<-- POST /session/051ce5d2-8cbf-45bd-ab3b-01875b7a22ab/element [39m[32m200[39m [90m950 ms - 137[39m [90m[39m
[38;5;167m[051ce5d2][0m[38;5;86m[HTTP][0m [37m-->[39m [37mPOST[39m [37m/session/051ce5d2-8cbf-45bd-ab3b-01875b7a22ab/element/00000000-0000-0205-ffff-ffff0000003c/click[39m [90m{}[39m
[38;5;167m[051ce5d2][0m[38;5;213m[AndroidUiautomator2Driver@f37b (051ce5d2)][0m Calling AppiumDriver.click() with args: ["00000000-0000-0205-ffff-ffff0000003c","051ce5d2-8cbf-45bd-ab3b-01875b7a22ab"]
[38;5;167m[051ce5d2][0m[38;5;213m[AndroidUiautomator2Driver@f37b (051ce5d2)][0m Matched '/element/00000000-0000-0205-ffff-ffff0000003c/click' to command name 'click'
[38;5;167m[051ce5d2][0m[38;5;213m[AndroidUiautomator2Driver@f37b (051ce5d2)][0m Proxying [POST /element/00000000-0000-0205-ffff-ffff0000003c/click] to [POST http://127.0.0.1:8201/session/59682100-8fc5-47e3-965d-b046eb50333b/element/00000000-0000-0205-ffff-ffff0000003c/click] with body: {"element":"00000000-0000-0205-ffff-ffff0000003c"}
[38;5;167m[051ce5d2][0m[38;5;213m[AndroidUiautomator2Driver@f37b (051ce5d2)][0m Got response with status 200: {"sessionId":"59682100-8fc5-47e3-965d-b046eb50333b","value":null}
[38;5;167m[051ce5d2][0m[38;5;213m[AndroidUiautomator2Driver@f37b (051ce5d2)][0m Responding to client with driver.click() result: null
[38;5;167m[051ce5d2][0m[38;5;86m[HTTP][0m [37m<-- POST /session/051ce5d2-8cbf-45bd-ab3b-01875b7a22ab/element/00000000-0000-0205-ffff-ffff0000003c/click [39m[32m200[39m [90m99 ms - 14[39m [90m[39m
[38;5;167m[051ce5d2][0m[38;5;86m[HTTP][0m [37m-->[39m [37mPOST[39m [37m/session/051ce5d2-8cbf-45bd-ab3b-01875b7a22ab/element[39m [90m{"using":"xpath","value":"//android.widget.RadioButton[@resource-id=\"com.fghilmany.dietmealapp:id/rb_low_to_medium\"]"}[39m
[38;5;167m[051ce5d2][0m[38;5;213m[AndroidUiautomator2Driver@f37b (051ce5d2)][0m Calling AppiumDriver.findElement() with args: ["xpath","//android.widget.RadioButton[@resource-id=\"com.fghilmany.dietmealapp:id/rb_low_to_medium\"]","051ce5d2-8cbf-45bd-ab3b-01875b7a22ab"]
[38;5;167m[051ce5d2][0m[38;5;213m[AndroidUiautomator2Driver@f37b (051ce5d2)][0m Valid locator strategies for this request: xpath, id, class name, accessibility id, css selector, -android uiautomator
[38;5;167m[051ce5d2][0m[38;5;213m[AndroidUiautomator2Driver@f37b (051ce5d2)][0m Waiting up to 0 ms for condition
[38;5;167m[051ce5d2][0m[38;5;213m[AndroidUiautomator2Driver@f37b (051ce5d2)][0m Matched '/element' to command name 'findElement'
[38;5;167m[051ce5d2][0m[38;5;213m[AndroidUiautomator2Driver@f37b (051ce5d2)][0m Proxying [POST /element] to [POST http://127.0.0.1:8201/session/59682100-8fc5-47e3-965d-b046eb50333b/element] with body: {"strategy":"xpath","selector":"//android.widget.RadioButton[@resource-id=\"com.fghilmany.dietmealapp:id/rb_low_to_medium\"]","context":"","multiple":false}
[38;5;167m[051ce5d2][0m[38;5;213m[AndroidUiautomator2Driver@f37b (051ce5d2)][0m Got response with status 200: {"sessionId":"59682100-8fc5-47e3-965d-b046eb50333b","value":{"ELEMENT":"00000000-0000-0205-ffff-ffff00000052","element-6066-11e4-a52e-4f735466cecf":"00000000-0000-0205-ffff-ffff00000052"}}
[38;5;167m[051ce5d2][0m[38;5;213m[AndroidUiautomator2Driver@f37b (051ce5d2)][0m Responding to client with driver.findElement() result: {"element-6066-11e4-a52e-4f735466cecf":"00000000-0000-0205-ffff-ffff00000052","ELEMENT":"00000000-0000-0205-ffff-ffff00000052"}
[38;5;167m[051ce5d2][0m[38;5;86m[HTTP][0m [37m<-- POST /session/051ce5d2-8cbf-45bd-ab3b-01875b7a22ab/element [39m[32m200[39m [90m429 ms - 137[39m [90m[39m
[38;5;167m[051ce5d2][0m[38;5;86m[HTTP][0m [37m-->[39m [37mPOST[39m [37m/session/051ce5d2-8cbf-45bd-ab3b-01875b7a22ab/element/00000000-0000-0205-ffff-ffff00000052/click[39m [90m{}[39m
[38;5;167m[051ce5d2][0m[38;5;213m[AndroidUiautomator2Driver@f37b (051ce5d2)][0m Calling AppiumDriver.click() with args: ["00000000-0000-0205-ffff-ffff00000052","051ce5d2-8cbf-45bd-ab3b-01875b7a22ab"]
[38;5;167m[051ce5d2][0m[38;5;213m[AndroidUiautomator2Driver@f37b (051ce5d2)][0m Matched '/element/00000000-0000-0205-ffff-ffff00000052/click' to command name 'click'
[38;5;167m[051ce5d2][0m[38;5;213m[AndroidUiautomator2Driver@f37b (051ce5d2)][0m Proxying [POST /element/00000000-0000-0205-ffff-ffff00000052/click] to [POST http://127.0.0.1:8201/session/59682100-8fc5-47e3-965d-b046eb50333b/element/00000000-0000-0205-ffff-ffff00000052/click] with body: {"element":"00000000-0000-0205-ffff-ffff00000052"}
[38;5;167m[051ce5d2][0m[38;5;213m[AndroidUiautomator2Driver@f37b (051ce5d2)][0m Got response with status 200: {"sessionId":"59682100-8fc5-47e3-965d-b046eb50333b","value":null}
[38;5;167m[051ce5d2][0m[38;5;213m[AndroidUiautomator2Driver@f37b (051ce5d2)][0m Responding to client with driver.click() result: null
[38;5;167m[051ce5d2][0m[38;5;86m[HTTP][0m [37m<-- POST /session/051ce5d2-8cbf-45bd-ab3b-01875b7a22ab/element/00000000-0000-0205-ffff-ffff00000052/click [39m[32m200[39m [90m412 ms - 14[39m [90m[39m
[38;5;167m[051ce5d2][0m[38;5;86m[HTTP][0m [37m-->[39m [37mPOST[39m [37m/session/051ce5d2-8cbf-45bd-ab3b-01875b7a22ab/element[39m [90m{"using":"xpath","value":"//android.widget.Button[@resource-id=\"com.fghilmany.dietmealapp:id/bt_finish\"]"}[39m
[38;5;167m[051ce5d2][0m[38;5;213m[AndroidUiautomator2Driver@f37b (051ce5d2)][0m Calling AppiumDriver.findElement() with args: ["xpath","//android.widget.Button[@resource-id=\"com.fghilmany.dietmealapp:id/bt_finish\"]","051ce5d2-8cbf-45bd-ab3b-01875b7a22ab"]
[38;5;167m[051ce5d2][0m[38;5;213m[AndroidUiautomator2Driver@f37b (051ce5d2)][0m Valid locator strategies for this request: xpath, id, class name, accessibility id, css selector, -android uiautomator
[38;5;167m[051ce5d2][0m[38;5;213m[AndroidUiautomator2Driver@f37b (051ce5d2)][0m Waiting up to 0 ms for condition
[38;5;167m[051ce5d2][0m[38;5;213m[AndroidUiautomator2Driver@f37b (051ce5d2)][0m Matched '/element' to command name 'findElement'
[38;5;167m[051ce5d2][0m[38;5;213m[AndroidUiautomator2Driver@f37b (051ce5d2)][0m Proxying [POST /element] to [POST http://127.0.0.1:8201/session/59682100-8fc5-47e3-965d-b046eb50333b/element] with body: {"strategy":"xpath","selector":"//android.widget.Button[@resource-id=\"com.fghilmany.dietmealapp:id/bt_finish\"]","context":"","multiple":false}
[38;5;167m[051ce5d2][0m[38;5;213m[AndroidUiautomator2Driver@f37b (051ce5d2)][0m Got response with status 200: {"sessionId":"59682100-8fc5-47e3-965d-b046eb50333b","value":{"ELEMENT":"00000000-0000-0205-ffff-ffff00000056","element-6066-11e4-a52e-4f735466cecf":"00000000-0000-0205-ffff-ffff00000056"}}
[38;5;167m[051ce5d2][0m[38;5;213m[AndroidUiautomator2Driver@f37b (051ce5d2)][0m Responding to client with driver.findElement() result: {"element-6066-11e4-a52e-4f735466cecf":"00000000-0000-0205-ffff-ffff00000056","ELEMENT":"00000000-0000-0205-ffff-ffff00000056"}
[38;5;167m[051ce5d2][0m[38;5;86m[HTTP][0m [37m<-- POST /session/051ce5d2-8cbf-45bd-ab3b-01875b7a22ab/element [39m[32m200[39m [90m792 ms - 137[39m [90m[39m
[38;5;167m[051ce5d2][0m[38;5;86m[HTTP][0m [37m-->[39m [37mPOST[39m [37m/session/051ce5d2-8cbf-45bd-ab3b-01875b7a22ab/element/00000000-0000-0205-ffff-ffff00000056/click[39m [90m{}[39m
[38;5;167m[051ce5d2][0m[38;5;213m[AndroidUiautomator2Driver@f37b (051ce5d2)][0m Calling AppiumDriver.click() with args: ["00000000-0000-0205-ffff-ffff00000056","051ce5d2-8cbf-45bd-ab3b-01875b7a22ab"]
[38;5;167m[051ce5d2][0m[38;5;213m[AndroidUiautomator2Driver@f37b (051ce5d2)][0m Matched '/element/00000000-0000-0205-ffff-ffff00000056/click' to command name 'click'
[38;5;167m[051ce5d2][0m[38;5;213m[AndroidUiautomator2Driver@f37b (051ce5d2)][0m Proxying [POST /element/00000000-0000-0205-ffff-ffff00000056/click] to [POST http://127.0.0.1:8201/session/59682100-8fc5-47e3-965d-b046eb50333b/element/00000000-0000-0205-ffff-ffff00000056/click] with body: {"element":"00000000-0000-0205-ffff-ffff00000056"}
[38;5;167m[051ce5d2][0m[38;5;213m[AndroidUiautomator2Driver@f37b (051ce5d2)][0m Got response with status 200: {"sessionId":"59682100-8fc5-47e3-965d-b046eb50333b","value":null}
[38;5;167m[051ce5d2][0m[38;5;213m[AndroidUiautomator2Driver@f37b (051ce5d2)][0m Responding to client with driver.click() result: null
[38;5;167m[051ce5d2][0m[38;5;86m[HTTP][0m [37m<-- POST /session/051ce5d2-8cbf-45bd-ab3b-01875b7a22ab/element/00000000-0000-0205-ffff-ffff00000056/click [39m[32m200[39m [90m94 ms - 14[39m [90m[39m
[38;5;167m[051ce5d2][0m[38;5;86m[HTTP][0m [37m-->[39m [37mPOST[39m [37m/session/051ce5d2-8cbf-45bd-ab3b-01875b7a22ab/element[39m [90m{"using":"xpath","value":"//android.widget.TextView[@resource-id=\"com.fghilmany.dietmealapp:id/tv_header_desc\"]"}[39m
[38;5;167m[051ce5d2][0m[38;5;213m[AndroidUiautomator2Driver@f37b (051ce5d2)][0m Calling AppiumDriver.findElement() with args: ["xpath","//android.widget.TextView[@resource-id=\"com.fghilmany.dietmealapp:id/tv_header_desc\"]","051ce5d2-8cbf-45bd-ab3b-01875b7a22ab"]
[38;5;167m[051ce5d2][0m[38;5;213m[AndroidUiautomator2Driver@f37b (051ce5d2)][0m Valid locator strategies for this request: xpath, id, class name, accessibility id, css selector, -android uiautomator
[38;5;167m[051ce5d2][0m[38;5;213m[AndroidUiautomator2Driver@f37b (051ce5d2)][0m Waiting up to 0 ms for condition
[38;5;167m[051ce5d2][0m[38;5;213m[AndroidUiautomator2Driver@f37b (051ce5d2)][0m Matched '/element' to command name 'findElement'
[38;5;167m[051ce5d2][0m[38;5;213m[AndroidUiautomator2Driver@f37b (051ce5d2)][0m Proxying [POST /element] to [POST http://127.0.0.1:8201/session/59682100-8fc5-47e3-965d-b046eb50333b/element] with body: {"strategy":"xpath","selector":"//android.widget.TextView[@resource-id=\"com.fghilmany.dietmealapp:id/tv_header_desc\"]","context":"","multiple":false}
[38;5;167m[051ce5d2][0m[38;5;213m[AndroidUiautomator2Driver@f37b (051ce5d2)][0m Got response with status 404: {"sessionId":"59682100-8fc5-47e3-965d-b046eb50333b","value":{"error":"no such element","message":"An element could not be located on the page using the given search parameters","stacktrace":"io.appium.uiautomator2.common.exceptions.ElementNotFoundException: An element could not be located on the page using the given search parameters\n\tat io.appium.uiautomator2.utils.ElementLocationHelpers.findElement(ElementLocationHelpers.java:156)\n\tat io.appium.uiautomator2.handler.FindElement.safeHandle(FindElement.java:60)\n\tat io.appium.uiautomator2.handler.request.SafeRequestHandler.handle(SafeRequestHandler.java:59)\n\tat io.appium.uiautomator2.server.AppiumServlet.handleRequest(AppiumServlet.java:259)\n\tat io.appium.uiautomator2.server.AppiumServlet.handleHttpRequest(AppiumServlet.java:253)\n\tat io.appium.uiautomator2.http.ServerHandler.channelRead(ServerHandler.java:77)\n\tat io.netty.channel.AbstractChannelHandlerContext.invokeChannelRead(AbstractChannelHandlerContext.java:366)\n\tat io.netty.channel.Abstr...
[38;5;167m[051ce5d2][0m[38;5;123m[W3C][0m Matched W3C error code 'no such element' to NoSuchElementError
[38;5;167m[051ce5d2][0m[38;5;213m[AndroidUiautomator2Driver@f37b (051ce5d2)][0m Encountered internal error running command: NoSuchElementError: An element could not be located on the page using the given search parameters.
[38;5;167m[051ce5d2][0m[38;5;213m[AndroidUiautomator2Driver@f37b (051ce5d2)][0m     at AndroidUiautomator2Driver.findElOrEls (/Users/jelitasiahaan/Desktop/QA Automation/TugasAkhir2/node_modules/appium-uiautomator2-driver/node_modules/appium-android-driver/lib/commands/find.ts:86:11)
[38;5;167m[051ce5d2][0m[38;5;213m[AndroidUiautomator2Driver@f37b (051ce5d2)][0m     at processTicksAndRejections (node:internal/process/task_queues:95:5)
[38;5;167m[051ce5d2][0m[38;5;213m[AndroidUiautomator2Driver@f37b (051ce5d2)][0m     at AndroidUiautomator2Driver.findElOrElsWithProcessing (/Users/jelitasiahaan/Desktop/QA Automation/TugasAkhir2/node_modules/appium-uiautomator2-driver/node_modules/@appium/base-driver/lib/basedriver/commands/find.ts:60:12)
[38;5;167m[051ce5d2][0m[38;5;213m[AndroidUiautomator2Driver@f37b (051ce5d2)][0m     at AndroidUiautomator2Driver.findElement (/Users/jelitasiahaan/Desktop/QA Automation/TugasAkhir2/node_modules/appium-uiautomator2-driver/node_modules/@appium/base-driver/lib/basedriver/commands/find.ts:75:12)
[38;5;167m[051ce5d2][0m[38;5;86m[HTTP][0m [37m<-- POST /session/051ce5d2-8cbf-45bd-ab3b-01875b7a22ab/element [39m[33m404[39m [90m1309 ms - 964[39m [90m[39m
[38;5;167m[051ce5d2][0m[38;5;86m[HTTP][0m [37m-->[39m [37mPOST[39m [37m/session/051ce5d2-8cbf-45bd-ab3b-01875b7a22ab/elements[39m [90m{"using":"xpath","value":"//android.widget.TextView[@resource-id=\"com.fghilmany.dietmealapp:id/tv_header_desc\"]"}[39m
[38;5;167m[051ce5d2][0m[38;5;213m[AndroidUiautomator2Driver@f37b (051ce5d2)][0m Calling AppiumDriver.findElements() with args: ["xpath","//android.widget.TextView[@resource-id=\"com.fghilmany.dietmealapp:id/tv_header_desc\"]","051ce5d2-8cbf-45bd-ab3b-01875b7a22ab"]
[38;5;167m[051ce5d2][0m[38;5;213m[AndroidUiautomator2Driver@f37b (051ce5d2)][0m Valid locator strategies for this request: xpath, id, class name, accessibility id, css selector, -android uiautomator
[38;5;167m[051ce5d2][0m[38;5;213m[AndroidUiautomator2Driver@f37b (051ce5d2)][0m Waiting up to 0 ms for condition
[38;5;167m[051ce5d2][0m[38;5;213m[AndroidUiautomator2Driver@f37b (051ce5d2)][0m Matched '/elements' to command name 'findElements'
[38;5;167m[051ce5d2][0m[38;5;213m[AndroidUiautomator2Driver@f37b (051ce5d2)][0m Proxying [POST /elements] to [POST http://127.0.0.1:8201/session/59682100-8fc5-47e3-965d-b046eb50333b/elements] with body: {"strategy":"xpath","selector":"//android.widget.TextView[@resource-id=\"com.fghilmany.dietmealapp:id/tv_header_desc\"]","context":"","multiple":true}
[38;5;167m[051ce5d2][0m[38;5;213m[AndroidUiautomator2Driver@f37b (051ce5d2)][0m Got response with status 200: {"sessionId":"59682100-8fc5-47e3-965d-b046eb50333b","value":[{"ELEMENT":"00000000-0000-0209-ffff-ffff00000072","element-6066-11e4-a52e-4f735466cecf":"00000000-0000-0209-ffff-ffff00000072"}]}
[38;5;167m[051ce5d2][0m[38;5;213m[AndroidUiautomator2Driver@f37b (051ce5d2)][0m Responding to client with driver.findElements() result: [{"element-6066-11e4-a52e-4f735466cecf":"00000000-0000-0209-ffff-ffff00000072","ELEMENT":"00000000-0000-0209-ffff-ffff00000072"}]
[38;5;167m[051ce5d2][0m[38;5;86m[HTTP][0m [37m<-- POST /session/051ce5d2-8cbf-45bd-ab3b-01875b7a22ab/elements [39m[32m200[39m [90m1797 ms - 139[39m [90m[39m
[38;5;167m[051ce5d2][0m[38;5;86m[HTTP][0m [37m-->[39m [37mPOST[39m [37m/session/051ce5d2-8cbf-45bd-ab3b-01875b7a22ab/element[39m [90m{"using":"xpath","value":"//android.widget.TextView[@resource-id=\"com.fghilmany.dietmealapp:id/tv_header_desc\"]"}[39m
[38;5;167m[051ce5d2][0m[38;5;213m[AndroidUiautomator2Driver@f37b (051ce5d2)][0m Calling AppiumDriver.findElement() with args: ["xpath","//android.widget.TextView[@resource-id=\"com.fghilmany.dietmealapp:id/tv_header_desc\"]","051ce5d2-8cbf-45bd-ab3b-01875b7a22ab"]
[38;5;167m[051ce5d2][0m[38;5;213m[AndroidUiautomator2Driver@f37b (051ce5d2)][0m Valid locator strategies for this request: xpath, id, class name, accessibility id, css selector, -android uiautomator
[38;5;167m[051ce5d2][0m[38;5;213m[AndroidUiautomator2Driver@f37b (051ce5d2)][0m Waiting up to 0 ms for condition
[38;5;167m[051ce5d2][0m[38;5;213m[AndroidUiautomator2Driver@f37b (051ce5d2)][0m Matched '/element' to command name 'findElement'
[38;5;167m[051ce5d2][0m[38;5;213m[AndroidUiautomator2Driver@f37b (051ce5d2)][0m Proxying [POST /element] to [POST http://127.0.0.1:8201/session/59682100-8fc5-47e3-965d-b046eb50333b/element] with body: {"strategy":"xpath","selector":"//android.widget.TextView[@resource-id=\"com.fghilmany.dietmealapp:id/tv_header_desc\"]","context":"","multiple":false}
[38;5;167m[051ce5d2][0m[38;5;213m[AndroidUiautomator2Driver@f37b (051ce5d2)][0m Got response with status 200: {"sessionId":"59682100-8fc5-47e3-965d-b046eb50333b","value":{"ELEMENT":"00000000-0000-0209-ffff-ffff00000072","element-6066-11e4-a52e-4f735466cecf":"00000000-0000-0209-ffff-ffff00000072"}}
[38;5;167m[051ce5d2][0m[38;5;213m[AndroidUiautomator2Driver@f37b (051ce5d2)][0m Responding to client with driver.findElement() result: {"element-6066-11e4-a52e-4f735466cecf":"00000000-0000-0209-ffff-ffff00000072","ELEMENT":"00000000-0000-0209-ffff-ffff00000072"}
[38;5;167m[051ce5d2][0m[38;5;86m[HTTP][0m [37m<-- POST /session/051ce5d2-8cbf-45bd-ab3b-01875b7a22ab/element [39m[32m200[39m [90m655 ms - 137[39m [90m[39m
[38;5;167m[051ce5d2][0m[38;5;86m[HTTP][0m [37m-->[39m [37mGET[39m [37m/session/051ce5d2-8cbf-45bd-ab3b-01875b7a22ab/element/00000000-0000-0209-ffff-ffff00000072/text[39m [90m{}[39m
[38;5;167m[051ce5d2][0m[38;5;213m[AndroidUiautomator2Driver@f37b (051ce5d2)][0m Driver proxy active, passing request on via HTTP proxy
[38;5;167m[051ce5d2][0m[38;5;213m[AndroidUiautomator2Driver@f37b (051ce5d2)][0m Matched '/session/051ce5d2-8cbf-45bd-ab3b-01875b7a22ab/element/00000000-0000-0209-ffff-ffff00000072/text' to command name 'getText'
[38;5;167m[051ce5d2][0m[38;5;213m[AndroidUiautomator2Driver@f37b (051ce5d2)][0m Proxying [GET /session/051ce5d2-8cbf-45bd-ab3b-01875b7a22ab/element/00000000-0000-0209-ffff-ffff00000072/text] to [GET http://127.0.0.1:8201/session/59682100-8fc5-47e3-965d-b046eb50333b/element/00000000-0000-0209-ffff-ffff00000072/text] with no body
[38;5;167m[051ce5d2][0m[38;5;213m[AndroidUiautomator2Driver@f37b (051ce5d2)][0m Got response with status 200: {"sessionId":"59682100-8fc5-47e3-965d-b046eb50333b","value":"Ready to some calories today?"}
[38;5;167m[051ce5d2][0m[38;5;213m[AndroidUiautomator2Driver@f37b (051ce5d2)][0m Replacing sessionId 59682100-8fc5-47e3-965d-b046eb50333b with 051ce5d2-8cbf-45bd-ab3b-01875b7a22ab
[38;5;167m[051ce5d2][0m[38;5;86m[HTTP][0m [37m<-- GET /session/051ce5d2-8cbf-45bd-ab3b-01875b7a22ab/element/00000000-0000-0209-ffff-ffff00000072/text [39m[32m200[39m [90m27 ms - 92[39m [90m[39m
[38;5;167m[051ce5d2][0m[38;5;86m[HTTP][0m [37m-->[39m [37mDELETE[39m [37m/session/051ce5d2-8cbf-45bd-ab3b-01875b7a22ab[39m [90m{}[39m
[38;5;167m[051ce5d2][0m[38;5;213m[AndroidUiautomator2Driver@f37b (051ce5d2)][0m Calling AppiumDriver.deleteSession() with args: ["051ce5d2-8cbf-45bd-ab3b-01875b7a22ab"]
[38;5;167m[051ce5d2][0m[38;5;154m[AppiumDriver@8c6e][0m Event 'quitSessionRequested' logged at 1722887413758 (02:50:13 GMT+0700 (Western Indonesia Time))
[38;5;167m[051ce5d2][0m[38;5;154m[AppiumDriver@8c6e][0m Removing session 051ce5d2-8cbf-45bd-ab3b-01875b7a22ab from our master session list
[38;5;167m[051ce5d2][0m[38;5;213m[AndroidUiautomator2Driver@f37b (051ce5d2)][0m Deleting UiAutomator2 session
[38;5;167m[051ce5d2][0m[38;5;213m[AndroidUiautomator2Driver@f37b (051ce5d2)][0m Deleting UiAutomator2 server session
[38;5;167m[051ce5d2][0m[38;5;213m[AndroidUiautomator2Driver@f37b (051ce5d2)][0m Matched '/' to command name 'deleteSession'
[38;5;167m[051ce5d2][0m[38;5;213m[AndroidUiautomator2Driver@f37b (051ce5d2)][0m Proxying [DELETE /] to [DELETE http://127.0.0.1:8201/session/59682100-8fc5-47e3-965d-b046eb50333b] with no body
[38;5;167m[051ce5d2][0m[38;5;213m[AndroidUiautomator2Driver@f37b (051ce5d2)][0m Got response with status 200: {"sessionId":"59682100-8fc5-47e3-965d-b046eb50333b","value":null}
[38;5;167m[051ce5d2][0m[38;5;229m[ADB][0m Running '/Users/jelitasiahaan/Library/Android/sdk/platform-tools/adb -P 5037 -s RR8W3038G4T shell dumpsys activity services io.appium.settings/.recorder.RecorderService'
[38;5;167m[051ce5d2][0m[38;5;160m[Logcat][0m Stopping logcat capture
[38;5;167m[051ce5d2][0m[38;5;229m[ADB][0m Removing forwarded port socket connection: 8201 
[38;5;167m[051ce5d2][0m[38;5;229m[ADB][0m Running '/Users/jelitasiahaan/Library/Android/sdk/platform-tools/adb -P 5037 -s RR8W3038G4T forward --remove tcp:8201'
[38;5;167m[051ce5d2][0m[38;5;213m[AndroidUiautomator2Driver@f37b (051ce5d2)][0m Restoring hidden api policy to the device default configuration
[38;5;167m[051ce5d2][0m[38;5;229m[ADB][0m Running '/Users/jelitasiahaan/Library/Android/sdk/platform-tools/adb -P 5037 -s RR8W3038G4T shell 'settings delete global hidden_api_policy_pre_p_apps;settings delete global hidden_api_policy_p_apps;settings delete global hidden_api_policy''
[38;5;167m[051ce5d2][0m[38;5;154m[AppiumDriver@8c6e][0m Event 'quitSessionFinished' logged at 1722887414129 (02:50:14 GMT+0700 (Western Indonesia Time))
[38;5;167m[051ce5d2][0m[38;5;154m[AppiumDriver@8c6e][0m Received response: null
[38;5;167m[051ce5d2][0m[38;5;154m[AppiumDriver@8c6e][0m But deleting session, so not returning
[38;5;167m[051ce5d2][0m[38;5;154m[AppiumDriver@8c6e][0m Responding to client with driver.deleteSession() result: null
[38;5;167m[051ce5d2][0m[38;5;86m[HTTP][0m [37m<-- DELETE /session/051ce5d2-8cbf-45bd-ab3b-01875b7a22ab [39m[32m200[39m [90m372 ms - 14[39m [90m[39m
[38;5;112m[Appium][0m Received SIGTERM - shutting down
[38;5;154m[AppiumDriver@8c6e][0m There are no active sessions for cleanup
[38;5;86m[HTTP][0m Closing Appium HTTP server
[38;5;86m[HTTP][0m Appium HTTP server has been succesfully closed after 0ms
